#
# There is insufficient memory for the Java Runtime Environment to continue.
# Native memory allocation (malloc) failed to allocate 1048576 bytes for AllocateHeap
# Possible reasons:
#   The system is out of physical RAM or swap space
#   The process is running with CompressedOops enabled, and the Java Heap may be blocking the growth of the native heap
# Possible solutions:
#   Reduce memory load on the system
#   Increase physical memory or swap space
#   Check if swap backing store is full
#   Decrease Java heap size (-Xmx/-Xms)
#   Decrease number of Java threads
#   Decrease Java thread stack sizes (-Xss)
#   Set larger code cache with -XX:ReservedCodeCacheSize=
#   JVM is running with Zero Based Compressed Oops mode in which the Java heap is
#     placed in the first 32GB address space. The Java Heap base address is the
#     maximum limit for the native heap growth. Please use -XX:HeapBaseMinAddress
#     to set the Java Heap base and to place the Java Heap above 32GB virtual address.
# This output file may be truncated or incomplete.
#
#  Out of Memory Error (./open/src/hotspot/share/memory/allocation.cpp:46), pid=28152, tid=16080
#
# JRE version: Java(TM) SE Runtime Environment 18.9 (11.0.7+8) (build 11.0.7+8-LTS)
# Java VM: Java HotSpot(TM) 64-Bit Server VM 18.9 (11.0.7+8-LTS, mixed mode, tiered, compressed oops, g1 gc, windows-amd64)
# No core dump will be written. Minidumps are not enabled by default on client versions of Windows
#

---------------  S U M M A R Y ------------

Command Line: -XX:TieredStopAtLevel=1 -Xverify:none -Dspring.output.ansi.enabled=always -Dcom.sun.management.jmxremote -Dspring.jmx.enabled=true -Dspring.liveBeansView.mbeanDomain -Dspring.application.admin.enabled=true -javaagent:C:\Program Files\JetBrains\IntelliJ IDEA 2019.3.4\lib\idea_rt.jar=14715:C:\Program Files\JetBrains\IntelliJ IDEA 2019.3.4\bin -Dfile.encoding=UTF-8 com.janterertube.videos.JanterertubeApplication

Host: Intel(R) Core(TM) i7-6700HQ CPU @ 2.60GHz, 8 cores, 15G,  Windows 10 , 64 bit Build 18362 (10.0.18362.1916)
Time: Fri Dec 24 12:15:06 2021 Eastern Standard Time elapsed time: 3 seconds (0d 0h 0m 3s)

---------------  T H R E A D  ---------------

Current thread (0x0000028e5b693800):  VMThread "VM Thread" [stack: 0x00000098a7300000,0x00000098a7400000] [id=16080]

Stack: [0x00000098a7300000,0x00000098a7400000]
[error occurred during error reporting (printing stack bounds), id 0xc0000005, EXCEPTION_ACCESS_VIOLATION (0xc0000005) at pc=0x0000028e3f8b0bad]

Native frames: (J=compiled Java code, j=interpreted, Vv=VM code, C=native code)
V  [jvm.dll+0x661a7a]
V  [jvm.dll+0x7a1b2f]
V  [jvm.dll+0x7a31d5]
V  [jvm.dll+0x7a37a5]
V  [jvm.dll+0x7a375b]
V  [jvm.dll+0x661176]
V  [jvm.dll+0x661548]
C  [ntdll.dll+0xa1fff]
C  [ntdll.dll+0x6aad9]
C  [ntdll.dll+0xa0c6e]
C  0x0000028e3f8b0bad

VM_Operation (0x00000098a86fa440): CollectForMetadataAllocation, mode: safepoint, requested by thread 0x0000028e5bd73000


---------------  P R O C E S S  ---------------

Threads class SMR info:
_java_thread_list=0x0000028e5cfa48f0, length=15, elements={
0x0000028e374b9800, 0x0000028e5b6d0000, 0x0000028e5b6d4000, 0x0000028e5b6cb000,
0x0000028e5b732000, 0x0000028e5b733000, 0x0000028e5b722800, 0x0000028e5b681000,
0x0000028e5bb5a000, 0x0000028e5bb65000, 0x0000028e5bd99800, 0x0000028e5c296000,
0x0000028e5bd73000, 0x0000028e5cfbf800, 0x0000028e5d0a3000
}

Java Threads: ( => current thread )
  0x0000028e374b9800 JavaThread "main" [_thread_blocked, id=7716, stack(0x00000098a6d00000,0x00000098a6e00000)]
  0x0000028e5b6d0000 JavaThread "Reference Handler" daemon [_thread_blocked, id=17392, stack(0x00000098a7400000,0x00000098a7500000)]
  0x0000028e5b6d4000 JavaThread "Finalizer" daemon [_thread_blocked, id=1672, stack(0x00000098a7500000,0x00000098a7600000)]
  0x0000028e5b6cb000 JavaThread "Signal Dispatcher" daemon [_thread_blocked, id=3972, stack(0x00000098a7600000,0x00000098a7700000)]
  0x0000028e5b732000 JavaThread "Attach Listener" daemon [_thread_blocked, id=4056, stack(0x00000098a7700000,0x00000098a7800000)]
  0x0000028e5b733000 JavaThread "C1 CompilerThread0" daemon [_thread_blocked, id=13116, stack(0x00000098a7800000,0x00000098a7900000)]
  0x0000028e5b722800 JavaThread "Sweeper thread" daemon [_thread_blocked, id=18040, stack(0x00000098a7900000,0x00000098a7a00000)]
  0x0000028e5b681000 JavaThread "Common-Cleaner" daemon [_thread_blocked, id=5540, stack(0x00000098a7a00000,0x00000098a7b00000)]
  0x0000028e5bb5a000 JavaThread "Monitor Ctrl-Break" daemon [_thread_in_native, id=24108, stack(0x00000098a7b00000,0x00000098a7c00000)]
  0x0000028e5bb65000 JavaThread "Service Thread" daemon [_thread_blocked, id=26984, stack(0x00000098a7c00000,0x00000098a7d00000)]
  0x0000028e5bd99800 JavaThread "RMI TCP Accept-0" daemon [_thread_blocked, id=24280, stack(0x00000098a7d00000,0x00000098a7e00000)]
  0x0000028e5c296000 JavaThread "Thread-0" [_thread_blocked, id=20372, stack(0x00000098a8500000,0x00000098a8600000)]
  0x0000028e5bd73000 JavaThread "restartedMain" [_thread_blocked, id=21324, stack(0x00000098a8600000,0x00000098a8700000)]
  0x0000028e5cfbf800 JavaThread "RMI TCP Connection(idle)" daemon [_thread_blocked, id=11092, stack(0x00000098a8700000,0x00000098a8800000)]
  0x0000028e5d0a3000 JavaThread "RMI Scheduler(0)" daemon [_thread_blocked, id=26072, stack(0x00000098a8900000,0x00000098a8a00000)]

Other Threads:
=>0x0000028e5b693800 VMThread "VM Thread" [stack: 0x00000098a7300000,0x00000098a7400000] [id=16080]
  0x0000028e5bd88800 WatcherThread [stack: 0x00000098a7e00000,0x00000098a7f00000] [id=26736]
  0x0000028e374d0000 GCTaskThread "GC Thread#0" [stack: 0x00000098a6e00000,0x00000098a6f00000] [id=27076]
  0x0000028e5c234800 GCTaskThread "GC Thread#1" [stack: 0x00000098a7f00000,0x00000098a8000000] [id=15052]
  0x0000028e5c25b000 GCTaskThread "GC Thread#2" [stack: 0x00000098a8000000,0x00000098a8100000] [id=11368]
  0x0000028e5c25c800 GCTaskThread "GC Thread#3" [stack: 0x00000098a8100000,0x00000098a8200000] [id=22464]
  0x0000028e5c25d800 GCTaskThread "GC Thread#4" [stack: 0x00000098a8200000,0x00000098a8300000] [id=28648]
  0x0000028e5c263000 GCTaskThread "GC Thread#5" [stack: 0x00000098a8300000,0x00000098a8400000] [id=22388]
  0x0000028e5d12d000 GCTaskThread "GC Thread#6" [stack: 0x00000098a8b00000,0x00000098a8c00000] [id=28632]
  0x0000028e5d0f8000 GCTaskThread "GC Thread#7" [stack: 0x00000098a8c00000,0x00000098a8d00000] [id=19576]
  0x0000028e3752e800 ConcurrentGCThread "G1 Main Marker" [stack: 0x00000098a6f00000,0x00000098a7000000] [id=22076]
  0x0000028e3752f800 ConcurrentGCThread "G1 Conc#0" [stack: 0x00000098a7000000,0x00000098a7100000] [id=14480]
  0x0000028e5d169000 ConcurrentGCThread "G1 Conc#1" [stack: 0x00000098a8d00000,0x00000098a8e00000] [id=15960]
  0x0000028e5acf3800 ConcurrentGCThread "G1 Refine#0" [stack: 0x00000098a7100000,0x00000098a7200000] [id=23948]
  0x0000028e5bb68000 ConcurrentGCThread "G1 Refine#1" [stack: 0x00000098a8400000,0x00000098a8500000] [id=20860]
  0x0000028e5acf4800 ConcurrentGCThread "G1 Young RemSet Sampling" [stack: 0x00000098a7200000,0x00000098a7300000] [id=1668]

Threads with active compile tasks:

VM state:at safepoint (normal execution)

VM Mutex/Monitor currently owned by a thread:  ([mutex/lock_event])
[0x0000028e374b6060] Threads_lock - owner thread: 0x0000028e5b693800
[0x0000028e374b4d40] Heap_lock - owner thread: 0x0000028e5bd73000

Heap address: 0x0000000702c00000, size: 4052 MB, Compressed Oops mode: Zero based, Oop shift amount: 3
Narrow klass base: 0x0000000800000000, Narrow klass shift: 0
Compressed class space size: 1073741824 Address: 0x0000000800000000

Heap:
 garbage-first heap   total 260096K, used 9875K [0x0000000702c00000, 0x0000000800000000)
  region size 1024K, 5 young (5120K), 5 survivors (5120K)
 Metaspace       used 28211K, capacity 29160K, committed 29184K, reserved 1085440K
  class space    used 3435K, capacity 3828K, committed 3840K, reserved 1048576K
Heap Regions: E=young(eden), S=young(survivor), O=old, HS=humongous(starts), HC=humongous(continues), CS=collection set, F=free, A=archive, TAMS=top-at-mark-start (previous, next)
|   0|0x0000000702c00000, 0x0000000702d00000, 0x0000000702d00000|100%| O|  |TAMS 0x0000000702d00000, 0x0000000702d00000| Untracked 
|   1|0x0000000702d00000, 0x0000000702e00000, 0x0000000702e00000|100%| O|  |TAMS 0x0000000702e00000, 0x0000000702e00000| Untracked 
|   2|0x0000000702e00000, 0x0000000702f00000, 0x0000000702f00000|100%| O|  |TAMS 0x0000000702f00000, 0x0000000702f00000| Untracked 
|   3|0x0000000702f00000, 0x0000000703000000, 0x0000000703000000|100%| O|  |TAMS 0x0000000703000000, 0x0000000703000000| Untracked 
|   4|0x0000000703000000, 0x00000007030f1a00, 0x0000000703100000| 94%| O|  |TAMS 0x00000007030f1a00, 0x00000007030f1a00| Untracked 
|   5|0x0000000703100000, 0x0000000703100000, 0x0000000703200000|  0%| F|  |TAMS 0x0000000703100000, 0x0000000703100000| Untracked 
|   6|0x0000000703200000, 0x0000000703200000, 0x0000000703300000|  0%| F|  |TAMS 0x0000000703200000, 0x0000000703200000| Untracked 
|   7|0x0000000703300000, 0x0000000703300000, 0x0000000703400000|  0%| F|  |TAMS 0x0000000703300000, 0x0000000703300000| Untracked 
|   8|0x0000000703400000, 0x0000000703400000, 0x0000000703500000|  0%| F|  |TAMS 0x0000000703400000, 0x0000000703400000| Untracked 
|   9|0x0000000703500000, 0x0000000703500000, 0x0000000703600000|  0%| F|  |TAMS 0x0000000703500000, 0x0000000703500000| Untracked 
|  10|0x0000000703600000, 0x0000000703600000, 0x0000000703700000|  0%| F|  |TAMS 0x0000000703600000, 0x0000000703600000| Untracked 
|  11|0x0000000703700000, 0x0000000703700000, 0x0000000703800000|  0%| F|  |TAMS 0x0000000703700000, 0x0000000703700000| Untracked 
|  12|0x0000000703800000, 0x0000000703800000, 0x0000000703900000|  0%| F|  |TAMS 0x0000000703800000, 0x0000000703800000| Untracked 
|  13|0x0000000703900000, 0x0000000703900000, 0x0000000703a00000|  0%| F|  |TAMS 0x0000000703900000, 0x0000000703900000| Untracked 
|  14|0x0000000703a00000, 0x0000000703a00000, 0x0000000703b00000|  0%| F|  |TAMS 0x0000000703a00000, 0x0000000703a00000| Untracked 
|  15|0x0000000703b00000, 0x0000000703b00000, 0x0000000703c00000|  0%| F|  |TAMS 0x0000000703b00000, 0x0000000703b00000| Untracked 
|  16|0x0000000703c00000, 0x0000000703c00000, 0x0000000703d00000|  0%| F|  |TAMS 0x0000000703c00000, 0x0000000703c00000| Untracked 
|  17|0x0000000703d00000, 0x0000000703d00000, 0x0000000703e00000|  0%| F|  |TAMS 0x0000000703d00000, 0x0000000703d00000| Untracked 
|  18|0x0000000703e00000, 0x0000000703e00000, 0x0000000703f00000|  0%| F|  |TAMS 0x0000000703e00000, 0x0000000703e00000| Untracked 
|  19|0x0000000703f00000, 0x0000000703f00000, 0x0000000704000000|  0%| F|  |TAMS 0x0000000703f00000, 0x0000000703f00000| Untracked 
|  20|0x0000000704000000, 0x0000000704000000, 0x0000000704100000|  0%| F|  |TAMS 0x0000000704000000, 0x0000000704000000| Untracked 
|  21|0x0000000704100000, 0x0000000704100000, 0x0000000704200000|  0%| F|  |TAMS 0x0000000704100000, 0x0000000704100000| Untracked 
|  22|0x0000000704200000, 0x0000000704200000, 0x0000000704300000|  0%| F|  |TAMS 0x0000000704200000, 0x0000000704200000| Untracked 
|  23|0x0000000704300000, 0x0000000704300000, 0x0000000704400000|  0%| F|  |TAMS 0x0000000704300000, 0x0000000704300000| Untracked 
|  24|0x0000000704400000, 0x0000000704400000, 0x0000000704500000|  0%| F|  |TAMS 0x0000000704400000, 0x0000000704400000| Untracked 
|  25|0x0000000704500000, 0x0000000704500000, 0x0000000704600000|  0%| F|  |TAMS 0x0000000704500000, 0x0000000704500000| Untracked 
|  26|0x0000000704600000, 0x0000000704600000, 0x0000000704700000|  0%| F|  |TAMS 0x0000000704600000, 0x0000000704600000| Untracked 
|  27|0x0000000704700000, 0x0000000704700000, 0x0000000704800000|  0%| F|  |TAMS 0x0000000704700000, 0x0000000704700000| Untracked 
|  28|0x0000000704800000, 0x0000000704800000, 0x0000000704900000|  0%| F|  |TAMS 0x0000000704800000, 0x0000000704800000| Untracked 
|  29|0x0000000704900000, 0x0000000704900000, 0x0000000704a00000|  0%| F|  |TAMS 0x0000000704900000, 0x0000000704900000| Untracked 
|  30|0x0000000704a00000, 0x0000000704a00000, 0x0000000704b00000|  0%| F|  |TAMS 0x0000000704a00000, 0x0000000704a00000| Untracked 
|  31|0x0000000704b00000, 0x0000000704b00000, 0x0000000704c00000|  0%| F|  |TAMS 0x0000000704b00000, 0x0000000704b00000| Untracked 
|  32|0x0000000704c00000, 0x0000000704c00000, 0x0000000704d00000|  0%| F|  |TAMS 0x0000000704c00000, 0x0000000704c00000| Untracked 
|  33|0x0000000704d00000, 0x0000000704d00000, 0x0000000704e00000|  0%| F|  |TAMS 0x0000000704d00000, 0x0000000704d00000| Untracked 
|  34|0x0000000704e00000, 0x0000000704e00000, 0x0000000704f00000|  0%| F|  |TAMS 0x0000000704e00000, 0x0000000704e00000| Untracked 
|  35|0x0000000704f00000, 0x0000000704f00000, 0x0000000705000000|  0%| F|  |TAMS 0x0000000704f00000, 0x0000000704f00000| Untracked 
|  36|0x0000000705000000, 0x0000000705000000, 0x0000000705100000|  0%| F|  |TAMS 0x0000000705000000, 0x0000000705000000| Untracked 
|  37|0x0000000705100000, 0x0000000705100000, 0x0000000705200000|  0%| F|  |TAMS 0x0000000705100000, 0x0000000705100000| Untracked 
|  38|0x0000000705200000, 0x0000000705200000, 0x0000000705300000|  0%| F|  |TAMS 0x0000000705200000, 0x0000000705200000| Untracked 
|  39|0x0000000705300000, 0x0000000705300000, 0x0000000705400000|  0%| F|  |TAMS 0x0000000705300000, 0x0000000705300000| Untracked 
|  40|0x0000000705400000, 0x0000000705400000, 0x0000000705500000|  0%| F|  |TAMS 0x0000000705400000, 0x0000000705400000| Untracked 
|  41|0x0000000705500000, 0x0000000705500000, 0x0000000705600000|  0%| F|  |TAMS 0x0000000705500000, 0x0000000705500000| Untracked 
|  42|0x0000000705600000, 0x0000000705600000, 0x0000000705700000|  0%| F|  |TAMS 0x0000000705600000, 0x0000000705600000| Untracked 
|  43|0x0000000705700000, 0x0000000705700000, 0x0000000705800000|  0%| F|  |TAMS 0x0000000705700000, 0x0000000705700000| Untracked 
|  44|0x0000000705800000, 0x0000000705800000, 0x0000000705900000|  0%| F|  |TAMS 0x0000000705800000, 0x0000000705800000| Untracked 
|  45|0x0000000705900000, 0x0000000705900000, 0x0000000705a00000|  0%| F|  |TAMS 0x0000000705900000, 0x0000000705900000| Untracked 
|  46|0x0000000705a00000, 0x0000000705a00000, 0x0000000705b00000|  0%| F|  |TAMS 0x0000000705a00000, 0x0000000705a00000| Untracked 
|  47|0x0000000705b00000, 0x0000000705b00000, 0x0000000705c00000|  0%| F|  |TAMS 0x0000000705b00000, 0x0000000705b00000| Untracked 
|  48|0x0000000705c00000, 0x0000000705c00000, 0x0000000705d00000|  0%| F|  |TAMS 0x0000000705c00000, 0x0000000705c00000| Untracked 
|  49|0x0000000705d00000, 0x0000000705d00000, 0x0000000705e00000|  0%| F|  |TAMS 0x0000000705d00000, 0x0000000705d00000| Untracked 
|  50|0x0000000705e00000, 0x0000000705e00000, 0x0000000705f00000|  0%| F|  |TAMS 0x0000000705e00000, 0x0000000705e00000| Untracked 
|  51|0x0000000705f00000, 0x0000000705f00000, 0x0000000706000000|  0%| F|  |TAMS 0x0000000705f00000, 0x0000000705f00000| Untracked 
|  52|0x0000000706000000, 0x0000000706000000, 0x0000000706100000|  0%| F|  |TAMS 0x0000000706000000, 0x0000000706000000| Untracked 
|  53|0x0000000706100000, 0x0000000706100000, 0x0000000706200000|  0%| F|  |TAMS 0x0000000706100000, 0x0000000706100000| Untracked 
|  54|0x0000000706200000, 0x0000000706200000, 0x0000000706300000|  0%| F|  |TAMS 0x0000000706200000, 0x0000000706200000| Untracked 
|  55|0x0000000706300000, 0x0000000706300000, 0x0000000706400000|  0%| F|  |TAMS 0x0000000706300000, 0x0000000706300000| Untracked 
|  56|0x0000000706400000, 0x0000000706400000, 0x0000000706500000|  0%| F|  |TAMS 0x0000000706400000, 0x0000000706400000| Untracked 
|  57|0x0000000706500000, 0x0000000706500000, 0x0000000706600000|  0%| F|  |TAMS 0x0000000706500000, 0x0000000706500000| Untracked 
|  58|0x0000000706600000, 0x0000000706600000, 0x0000000706700000|  0%| F|  |TAMS 0x0000000706600000, 0x0000000706600000| Untracked 
|  59|0x0000000706700000, 0x0000000706700000, 0x0000000706800000|  0%| F|  |TAMS 0x0000000706700000, 0x0000000706700000| Untracked 
|  60|0x0000000706800000, 0x0000000706800000, 0x0000000706900000|  0%| F|  |TAMS 0x0000000706800000, 0x0000000706800000| Untracked 
|  61|0x0000000706900000, 0x0000000706900000, 0x0000000706a00000|  0%| F|  |TAMS 0x0000000706900000, 0x0000000706900000| Untracked 
|  62|0x0000000706a00000, 0x0000000706a00000, 0x0000000706b00000|  0%| F|  |TAMS 0x0000000706a00000, 0x0000000706a00000| Untracked 
|  63|0x0000000706b00000, 0x0000000706b00000, 0x0000000706c00000|  0%| F|  |TAMS 0x0000000706b00000, 0x0000000706b00000| Untracked 
|  64|0x0000000706c00000, 0x0000000706c00000, 0x0000000706d00000|  0%| F|  |TAMS 0x0000000706c00000, 0x0000000706c00000| Untracked 
|  65|0x0000000706d00000, 0x0000000706d00000, 0x0000000706e00000|  0%| F|  |TAMS 0x0000000706d00000, 0x0000000706d00000| Untracked 
|  66|0x0000000706e00000, 0x0000000706e00000, 0x0000000706f00000|  0%| F|  |TAMS 0x0000000706e00000, 0x0000000706e00000| Untracked 
|  67|0x0000000706f00000, 0x0000000706f00000, 0x0000000707000000|  0%| F|  |TAMS 0x0000000706f00000, 0x0000000706f00000| Untracked 
|  68|0x0000000707000000, 0x0000000707000000, 0x0000000707100000|  0%| F|  |TAMS 0x0000000707000000, 0x0000000707000000| Untracked 
|  69|0x0000000707100000, 0x0000000707100000, 0x0000000707200000|  0%| F|  |TAMS 0x0000000707100000, 0x0000000707100000| Untracked 
|  70|0x0000000707200000, 0x0000000707200000, 0x0000000707300000|  0%| F|  |TAMS 0x0000000707200000, 0x0000000707200000| Untracked 
|  71|0x0000000707300000, 0x0000000707300000, 0x0000000707400000|  0%| F|  |TAMS 0x0000000707300000, 0x0000000707300000| Untracked 
|  72|0x0000000707400000, 0x0000000707400000, 0x0000000707500000|  0%| F|  |TAMS 0x0000000707400000, 0x0000000707400000| Untracked 
|  73|0x0000000707500000, 0x0000000707500000, 0x0000000707600000|  0%| F|  |TAMS 0x0000000707500000, 0x0000000707500000| Untracked 
|  74|0x0000000707600000, 0x0000000707600000, 0x0000000707700000|  0%| F|  |TAMS 0x0000000707600000, 0x0000000707600000| Untracked 
|  75|0x0000000707700000, 0x0000000707700000, 0x0000000707800000|  0%| F|  |TAMS 0x0000000707700000, 0x0000000707700000| Untracked 
|  76|0x0000000707800000, 0x0000000707800000, 0x0000000707900000|  0%| F|  |TAMS 0x0000000707800000, 0x0000000707800000| Untracked 
|  77|0x0000000707900000, 0x0000000707900000, 0x0000000707a00000|  0%| F|  |TAMS 0x0000000707900000, 0x0000000707900000| Untracked 
|  78|0x0000000707a00000, 0x0000000707a00000, 0x0000000707b00000|  0%| F|  |TAMS 0x0000000707a00000, 0x0000000707a00000| Untracked 
|  79|0x0000000707b00000, 0x0000000707b00000, 0x0000000707c00000|  0%| F|  |TAMS 0x0000000707b00000, 0x0000000707b00000| Untracked 
|  80|0x0000000707c00000, 0x0000000707c00000, 0x0000000707d00000|  0%| F|  |TAMS 0x0000000707c00000, 0x0000000707c00000| Untracked 
|  81|0x0000000707d00000, 0x0000000707d00000, 0x0000000707e00000|  0%| F|  |TAMS 0x0000000707d00000, 0x0000000707d00000| Untracked 
|  82|0x0000000707e00000, 0x0000000707e00000, 0x0000000707f00000|  0%| F|  |TAMS 0x0000000707e00000, 0x0000000707e00000| Untracked 
|  83|0x0000000707f00000, 0x0000000707f00000, 0x0000000708000000|  0%| F|  |TAMS 0x0000000707f00000, 0x0000000707f00000| Untracked 
|  84|0x0000000708000000, 0x0000000708000000, 0x0000000708100000|  0%| F|  |TAMS 0x0000000708000000, 0x0000000708000000| Untracked 
|  85|0x0000000708100000, 0x0000000708100000, 0x0000000708200000|  0%| F|  |TAMS 0x0000000708100000, 0x0000000708100000| Untracked 
|  86|0x0000000708200000, 0x0000000708200000, 0x0000000708300000|  0%| F|  |TAMS 0x0000000708200000, 0x0000000708200000| Untracked 
|  87|0x0000000708300000, 0x0000000708300000, 0x0000000708400000|  0%| F|  |TAMS 0x0000000708300000, 0x0000000708300000| Untracked 
|  88|0x0000000708400000, 0x0000000708400000, 0x0000000708500000|  0%| F|  |TAMS 0x0000000708400000, 0x0000000708400000| Untracked 
|  89|0x0000000708500000, 0x0000000708500000, 0x0000000708600000|  0%| F|  |TAMS 0x0000000708500000, 0x0000000708500000| Untracked 
|  90|0x0000000708600000, 0x0000000708600000, 0x0000000708700000|  0%| F|  |TAMS 0x0000000708600000, 0x0000000708600000| Untracked 
|  91|0x0000000708700000, 0x0000000708700000, 0x0000000708800000|  0%| F|  |TAMS 0x0000000708700000, 0x0000000708700000| Untracked 
|  92|0x0000000708800000, 0x0000000708800000, 0x0000000708900000|  0%| F|  |TAMS 0x0000000708800000, 0x0000000708800000| Untracked 
|  93|0x0000000708900000, 0x0000000708900000, 0x0000000708a00000|  0%| F|  |TAMS 0x0000000708900000, 0x0000000708900000| Untracked 
|  94|0x0000000708a00000, 0x0000000708a00000, 0x0000000708b00000|  0%| F|  |TAMS 0x0000000708a00000, 0x0000000708a00000| Untracked 
|  95|0x0000000708b00000, 0x0000000708b00000, 0x0000000708c00000|  0%| F|  |TAMS 0x0000000708b00000, 0x0000000708b00000| Untracked 
|  96|0x0000000708c00000, 0x0000000708c00000, 0x0000000708d00000|  0%| F|  |TAMS 0x0000000708c00000, 0x0000000708c00000| Untracked 
|  97|0x0000000708d00000, 0x0000000708d00000, 0x0000000708e00000|  0%| F|  |TAMS 0x0000000708d00000, 0x0000000708d00000| Untracked 
|  98|0x0000000708e00000, 0x0000000708e00000, 0x0000000708f00000|  0%| F|  |TAMS 0x0000000708e00000, 0x0000000708e00000| Untracked 
|  99|0x0000000708f00000, 0x0000000708f00000, 0x0000000709000000|  0%| F|  |TAMS 0x0000000708f00000, 0x0000000708f00000| Untracked 
| 100|0x0000000709000000, 0x0000000709000000, 0x0000000709100000|  0%| F|  |TAMS 0x0000000709000000, 0x0000000709000000| Untracked 
| 101|0x0000000709100000, 0x0000000709100000, 0x0000000709200000|  0%| F|  |TAMS 0x0000000709100000, 0x0000000709100000| Untracked 
| 102|0x0000000709200000, 0x0000000709200000, 0x0000000709300000|  0%| F|  |TAMS 0x0000000709200000, 0x0000000709200000| Untracked 
| 103|0x0000000709300000, 0x0000000709300000, 0x0000000709400000|  0%| F|  |TAMS 0x0000000709300000, 0x0000000709300000| Untracked 
| 104|0x0000000709400000, 0x0000000709400000, 0x0000000709500000|  0%| F|  |TAMS 0x0000000709400000, 0x0000000709400000| Untracked 
| 105|0x0000000709500000, 0x0000000709500000, 0x0000000709600000|  0%| F|  |TAMS 0x0000000709500000, 0x0000000709500000| Untracked 
| 106|0x0000000709600000, 0x0000000709600000, 0x0000000709700000|  0%| F|  |TAMS 0x0000000709600000, 0x0000000709600000| Untracked 
| 107|0x0000000709700000, 0x0000000709700000, 0x0000000709800000|  0%| F|  |TAMS 0x0000000709700000, 0x0000000709700000| Untracked 
| 108|0x0000000709800000, 0x0000000709800000, 0x0000000709900000|  0%| F|  |TAMS 0x0000000709800000, 0x0000000709800000| Untracked 
| 109|0x0000000709900000, 0x0000000709900000, 0x0000000709a00000|  0%| F|  |TAMS 0x0000000709900000, 0x0000000709900000| Untracked 
| 110|0x0000000709a00000, 0x0000000709a00000, 0x0000000709b00000|  0%| F|  |TAMS 0x0000000709a00000, 0x0000000709a00000| Untracked 
| 111|0x0000000709b00000, 0x0000000709b00000, 0x0000000709c00000|  0%| F|  |TAMS 0x0000000709b00000, 0x0000000709b00000| Untracked 
| 112|0x0000000709c00000, 0x0000000709c00000, 0x0000000709d00000|  0%| F|  |TAMS 0x0000000709c00000, 0x0000000709c00000| Untracked 
| 113|0x0000000709d00000, 0x0000000709d00000, 0x0000000709e00000|  0%| F|  |TAMS 0x0000000709d00000, 0x0000000709d00000| Untracked 
| 114|0x0000000709e00000, 0x0000000709e00000, 0x0000000709f00000|  0%| F|  |TAMS 0x0000000709e00000, 0x0000000709e00000| Untracked 
| 115|0x0000000709f00000, 0x0000000709f00000, 0x000000070a000000|  0%| F|  |TAMS 0x0000000709f00000, 0x0000000709f00000| Untracked 
| 116|0x000000070a000000, 0x000000070a000000, 0x000000070a100000|  0%| F|  |TAMS 0x000000070a000000, 0x000000070a000000| Untracked 
| 117|0x000000070a100000, 0x000000070a100000, 0x000000070a200000|  0%| F|  |TAMS 0x000000070a100000, 0x000000070a100000| Untracked 
| 118|0x000000070a200000, 0x000000070a200000, 0x000000070a300000|  0%| F|  |TAMS 0x000000070a200000, 0x000000070a200000| Untracked 
| 119|0x000000070a300000, 0x000000070a300000, 0x000000070a400000|  0%| F|  |TAMS 0x000000070a300000, 0x000000070a300000| Untracked 
| 120|0x000000070a400000, 0x000000070a400000, 0x000000070a500000|  0%| F|  |TAMS 0x000000070a400000, 0x000000070a400000| Untracked 
| 121|0x000000070a500000, 0x000000070a500000, 0x000000070a600000|  0%| F|  |TAMS 0x000000070a500000, 0x000000070a500000| Untracked 
| 122|0x000000070a600000, 0x000000070a600000, 0x000000070a700000|  0%| F|  |TAMS 0x000000070a600000, 0x000000070a600000| Untracked 
| 123|0x000000070a700000, 0x000000070a700000, 0x000000070a800000|  0%| F|  |TAMS 0x000000070a700000, 0x000000070a700000| Untracked 
| 124|0x000000070a800000, 0x000000070a800000, 0x000000070a900000|  0%| F|  |TAMS 0x000000070a800000, 0x000000070a800000| Untracked 
| 125|0x000000070a900000, 0x000000070a900000, 0x000000070aa00000|  0%| F|  |TAMS 0x000000070a900000, 0x000000070a900000| Untracked 
| 126|0x000000070aa00000, 0x000000070aa00000, 0x000000070ab00000|  0%| F|  |TAMS 0x000000070aa00000, 0x000000070aa00000| Untracked 
| 127|0x000000070ab00000, 0x000000070ab00000, 0x000000070ac00000|  0%| F|  |TAMS 0x000000070ab00000, 0x000000070ab00000| Untracked 
| 128|0x000000070ac00000, 0x000000070ac00000, 0x000000070ad00000|  0%| F|  |TAMS 0x000000070ac00000, 0x000000070ac00000| Untracked 
| 129|0x000000070ad00000, 0x000000070ad00000, 0x000000070ae00000|  0%| F|  |TAMS 0x000000070ad00000, 0x000000070ad00000| Untracked 
| 130|0x000000070ae00000, 0x000000070ae00000, 0x000000070af00000|  0%| F|  |TAMS 0x000000070ae00000, 0x000000070ae00000| Untracked 
| 131|0x000000070af00000, 0x000000070af00000, 0x000000070b000000|  0%| F|  |TAMS 0x000000070af00000, 0x000000070af00000| Untracked 
| 132|0x000000070b000000, 0x000000070b000000, 0x000000070b100000|  0%| F|  |TAMS 0x000000070b000000, 0x000000070b000000| Untracked 
| 133|0x000000070b100000, 0x000000070b100000, 0x000000070b200000|  0%| F|  |TAMS 0x000000070b100000, 0x000000070b100000| Untracked 
| 134|0x000000070b200000, 0x000000070b200000, 0x000000070b300000|  0%| F|  |TAMS 0x000000070b200000, 0x000000070b200000| Untracked 
| 135|0x000000070b300000, 0x000000070b300000, 0x000000070b400000|  0%| F|  |TAMS 0x000000070b300000, 0x000000070b300000| Untracked 
| 136|0x000000070b400000, 0x000000070b400000, 0x000000070b500000|  0%| F|  |TAMS 0x000000070b400000, 0x000000070b400000| Untracked 
| 137|0x000000070b500000, 0x000000070b500000, 0x000000070b600000|  0%| F|  |TAMS 0x000000070b500000, 0x000000070b500000| Untracked 
| 138|0x000000070b600000, 0x000000070b600000, 0x000000070b700000|  0%| F|  |TAMS 0x000000070b600000, 0x000000070b600000| Untracked 
| 139|0x000000070b700000, 0x000000070b700000, 0x000000070b800000|  0%| F|  |TAMS 0x000000070b700000, 0x000000070b700000| Untracked 
| 140|0x000000070b800000, 0x000000070b800000, 0x000000070b900000|  0%| F|  |TAMS 0x000000070b800000, 0x000000070b800000| Untracked 
| 141|0x000000070b900000, 0x000000070b900000, 0x000000070ba00000|  0%| F|  |TAMS 0x000000070b900000, 0x000000070b900000| Untracked 
| 142|0x000000070ba00000, 0x000000070ba00000, 0x000000070bb00000|  0%| F|  |TAMS 0x000000070ba00000, 0x000000070ba00000| Untracked 
| 143|0x000000070bb00000, 0x000000070bb00000, 0x000000070bc00000|  0%| F|  |TAMS 0x000000070bb00000, 0x000000070bb00000| Untracked 
| 144|0x000000070bc00000, 0x000000070bc00000, 0x000000070bd00000|  0%| F|  |TAMS 0x000000070bc00000, 0x000000070bc00000| Untracked 
| 145|0x000000070bd00000, 0x000000070bd00000, 0x000000070be00000|  0%| F|  |TAMS 0x000000070bd00000, 0x000000070bd00000| Untracked 
| 146|0x000000070be00000, 0x000000070be00000, 0x000000070bf00000|  0%| F|  |TAMS 0x000000070be00000, 0x000000070be00000| Untracked 
| 147|0x000000070bf00000, 0x000000070bf00000, 0x000000070c000000|  0%| F|  |TAMS 0x000000070bf00000, 0x000000070bf00000| Untracked 
| 148|0x000000070c000000, 0x000000070c000000, 0x000000070c100000|  0%| F|  |TAMS 0x000000070c000000, 0x000000070c000000| Untracked 
| 149|0x000000070c100000, 0x000000070c100000, 0x000000070c200000|  0%| F|  |TAMS 0x000000070c100000, 0x000000070c100000| Untracked 
| 150|0x000000070c200000, 0x000000070c200000, 0x000000070c300000|  0%| F|  |TAMS 0x000000070c200000, 0x000000070c200000| Untracked 
| 151|0x000000070c300000, 0x000000070c300000, 0x000000070c400000|  0%| F|  |TAMS 0x000000070c300000, 0x000000070c300000| Untracked 
| 152|0x000000070c400000, 0x000000070c400000, 0x000000070c500000|  0%| F|  |TAMS 0x000000070c400000, 0x000000070c400000| Untracked 
| 153|0x000000070c500000, 0x000000070c500000, 0x000000070c600000|  0%| F|  |TAMS 0x000000070c500000, 0x000000070c500000| Untracked 
| 154|0x000000070c600000, 0x000000070c600000, 0x000000070c700000|  0%| F|  |TAMS 0x000000070c600000, 0x000000070c600000| Untracked 
| 155|0x000000070c700000, 0x000000070c700000, 0x000000070c800000|  0%| F|  |TAMS 0x000000070c700000, 0x000000070c700000| Untracked 
| 156|0x000000070c800000, 0x000000070c800000, 0x000000070c900000|  0%| F|  |TAMS 0x000000070c800000, 0x000000070c800000| Untracked 
| 157|0x000000070c900000, 0x000000070c900000, 0x000000070ca00000|  0%| F|  |TAMS 0x000000070c900000, 0x000000070c900000| Untracked 
| 158|0x000000070ca00000, 0x000000070ca00000, 0x000000070cb00000|  0%| F|  |TAMS 0x000000070ca00000, 0x000000070ca00000| Untracked 
| 159|0x000000070cb00000, 0x000000070cb00000, 0x000000070cc00000|  0%| F|  |TAMS 0x000000070cb00000, 0x000000070cb00000| Untracked 
| 160|0x000000070cc00000, 0x000000070cc00000, 0x000000070cd00000|  0%| F|  |TAMS 0x000000070cc00000, 0x000000070cc00000| Untracked 
| 161|0x000000070cd00000, 0x000000070cd00000, 0x000000070ce00000|  0%| F|  |TAMS 0x000000070cd00000, 0x000000070cd00000| Untracked 
| 162|0x000000070ce00000, 0x000000070ce00000, 0x000000070cf00000|  0%| F|  |TAMS 0x000000070ce00000, 0x000000070ce00000| Untracked 
| 163|0x000000070cf00000, 0x000000070cf00000, 0x000000070d000000|  0%| F|  |TAMS 0x000000070cf00000, 0x000000070cf00000| Untracked 
| 164|0x000000070d000000, 0x000000070d000000, 0x000000070d100000|  0%| F|  |TAMS 0x000000070d000000, 0x000000070d000000| Untracked 
| 165|0x000000070d100000, 0x000000070d100000, 0x000000070d200000|  0%| F|  |TAMS 0x000000070d100000, 0x000000070d100000| Untracked 
| 166|0x000000070d200000, 0x000000070d200000, 0x000000070d300000|  0%| F|  |TAMS 0x000000070d200000, 0x000000070d200000| Untracked 
| 167|0x000000070d300000, 0x000000070d300000, 0x000000070d400000|  0%| F|  |TAMS 0x000000070d300000, 0x000000070d300000| Untracked 
| 168|0x000000070d400000, 0x000000070d400000, 0x000000070d500000|  0%| F|  |TAMS 0x000000070d400000, 0x000000070d400000| Untracked 
| 169|0x000000070d500000, 0x000000070d500000, 0x000000070d600000|  0%| F|  |TAMS 0x000000070d500000, 0x000000070d500000| Untracked 
| 170|0x000000070d600000, 0x000000070d600000, 0x000000070d700000|  0%| F|  |TAMS 0x000000070d600000, 0x000000070d600000| Untracked 
| 171|0x000000070d700000, 0x000000070d700000, 0x000000070d800000|  0%| F|  |TAMS 0x000000070d700000, 0x000000070d700000| Untracked 
| 172|0x000000070d800000, 0x000000070d800000, 0x000000070d900000|  0%| F|  |TAMS 0x000000070d800000, 0x000000070d800000| Untracked 
| 173|0x000000070d900000, 0x000000070d900000, 0x000000070da00000|  0%| F|  |TAMS 0x000000070d900000, 0x000000070d900000| Untracked 
| 174|0x000000070da00000, 0x000000070da00000, 0x000000070db00000|  0%| F|  |TAMS 0x000000070da00000, 0x000000070da00000| Untracked 
| 175|0x000000070db00000, 0x000000070db00000, 0x000000070dc00000|  0%| F|  |TAMS 0x000000070db00000, 0x000000070db00000| Untracked 
| 176|0x000000070dc00000, 0x000000070dcb34c0, 0x000000070dd00000| 70%| S|CS|TAMS 0x000000070dc00000, 0x000000070dc00000| Complete 
| 177|0x000000070dd00000, 0x000000070de00000, 0x000000070de00000|100%| S|CS|TAMS 0x000000070dd00000, 0x000000070dd00000| Complete 
| 178|0x000000070de00000, 0x000000070df00000, 0x000000070df00000|100%| S|CS|TAMS 0x000000070de00000, 0x000000070de00000| Complete 
| 179|0x000000070df00000, 0x000000070e000000, 0x000000070e000000|100%| S|CS|TAMS 0x000000070df00000, 0x000000070df00000| Complete 
| 180|0x000000070e000000, 0x000000070e100000, 0x000000070e100000|100%| S|CS|TAMS 0x000000070e000000, 0x000000070e000000| Complete 
| 181|0x000000070e100000, 0x000000070e100000, 0x000000070e200000|  0%| F|  |TAMS 0x000000070e100000, 0x000000070e100000| Untracked 
| 182|0x000000070e200000, 0x000000070e200000, 0x000000070e300000|  0%| F|  |TAMS 0x000000070e200000, 0x000000070e200000| Untracked 
| 183|0x000000070e300000, 0x000000070e300000, 0x000000070e400000|  0%| F|  |TAMS 0x000000070e300000, 0x000000070e300000| Untracked 
| 184|0x000000070e400000, 0x000000070e400000, 0x000000070e500000|  0%| F|  |TAMS 0x000000070e400000, 0x000000070e400000| Untracked 
| 185|0x000000070e500000, 0x000000070e500000, 0x000000070e600000|  0%| F|  |TAMS 0x000000070e500000, 0x000000070e500000| Untracked 
| 186|0x000000070e600000, 0x000000070e600000, 0x000000070e700000|  0%| F|  |TAMS 0x000000070e600000, 0x000000070e600000| Untracked 
| 187|0x000000070e700000, 0x000000070e700000, 0x000000070e800000|  0%| F|  |TAMS 0x000000070e700000, 0x000000070e700000| Untracked 
| 188|0x000000070e800000, 0x000000070e800000, 0x000000070e900000|  0%| F|  |TAMS 0x000000070e800000, 0x000000070e800000| Untracked 
| 189|0x000000070e900000, 0x000000070e900000, 0x000000070ea00000|  0%| F|  |TAMS 0x000000070e900000, 0x000000070e900000| Untracked 
| 190|0x000000070ea00000, 0x000000070ea00000, 0x000000070eb00000|  0%| F|  |TAMS 0x000000070ea00000, 0x000000070ea00000| Untracked 
| 191|0x000000070eb00000, 0x000000070eb00000, 0x000000070ec00000|  0%| F|  |TAMS 0x000000070eb00000, 0x000000070eb00000| Untracked 
| 192|0x000000070ec00000, 0x000000070ec00000, 0x000000070ed00000|  0%| F|  |TAMS 0x000000070ec00000, 0x000000070ec00000| Untracked 
| 193|0x000000070ed00000, 0x000000070ed00000, 0x000000070ee00000|  0%| F|  |TAMS 0x000000070ed00000, 0x000000070ed00000| Untracked 
| 194|0x000000070ee00000, 0x000000070ee00000, 0x000000070ef00000|  0%| F|  |TAMS 0x000000070ee00000, 0x000000070ee00000| Untracked 
| 195|0x000000070ef00000, 0x000000070ef00000, 0x000000070f000000|  0%| F|  |TAMS 0x000000070ef00000, 0x000000070ef00000| Untracked 
| 196|0x000000070f000000, 0x000000070f000000, 0x000000070f100000|  0%| F|  |TAMS 0x000000070f000000, 0x000000070f000000| Untracked 
| 197|0x000000070f100000, 0x000000070f100000, 0x000000070f200000|  0%| F|  |TAMS 0x000000070f100000, 0x000000070f100000| Untracked 
| 198|0x000000070f200000, 0x000000070f200000, 0x000000070f300000|  0%| F|  |TAMS 0x000000070f200000, 0x000000070f200000| Untracked 
| 199|0x000000070f300000, 0x000000070f300000, 0x000000070f400000|  0%| F|  |TAMS 0x000000070f300000, 0x000000070f300000| Untracked 
| 200|0x000000070f400000, 0x000000070f400000, 0x000000070f500000|  0%| F|  |TAMS 0x000000070f400000, 0x000000070f400000| Untracked 
| 201|0x000000070f500000, 0x000000070f500000, 0x000000070f600000|  0%| F|  |TAMS 0x000000070f500000, 0x000000070f500000| Untracked 
| 202|0x000000070f600000, 0x000000070f600000, 0x000000070f700000|  0%| F|  |TAMS 0x000000070f600000, 0x000000070f600000| Untracked 
| 203|0x000000070f700000, 0x000000070f700000, 0x000000070f800000|  0%| F|  |TAMS 0x000000070f700000, 0x000000070f700000| Untracked 
| 204|0x000000070f800000, 0x000000070f800000, 0x000000070f900000|  0%| F|  |TAMS 0x000000070f800000, 0x000000070f800000| Untracked 
| 205|0x000000070f900000, 0x000000070f900000, 0x000000070fa00000|  0%| F|  |TAMS 0x000000070f900000, 0x000000070f900000| Untracked 
| 206|0x000000070fa00000, 0x000000070fa00000, 0x000000070fb00000|  0%| F|  |TAMS 0x000000070fa00000, 0x000000070fa00000| Untracked 
| 207|0x000000070fb00000, 0x000000070fb00000, 0x000000070fc00000|  0%| F|  |TAMS 0x000000070fb00000, 0x000000070fb00000| Untracked 
| 208|0x000000070fc00000, 0x000000070fc00000, 0x000000070fd00000|  0%| F|  |TAMS 0x000000070fc00000, 0x000000070fc00000| Untracked 
| 209|0x000000070fd00000, 0x000000070fd00000, 0x000000070fe00000|  0%| F|  |TAMS 0x000000070fd00000, 0x000000070fd00000| Untracked 
| 210|0x000000070fe00000, 0x000000070fe00000, 0x000000070ff00000|  0%| F|  |TAMS 0x000000070fe00000, 0x000000070fe00000| Untracked 
| 211|0x000000070ff00000, 0x000000070ff00000, 0x0000000710000000|  0%| F|  |TAMS 0x000000070ff00000, 0x000000070ff00000| Untracked 
| 212|0x0000000710000000, 0x0000000710000000, 0x0000000710100000|  0%| F|  |TAMS 0x0000000710000000, 0x0000000710000000| Untracked 
| 213|0x0000000710100000, 0x0000000710100000, 0x0000000710200000|  0%| F|  |TAMS 0x0000000710100000, 0x0000000710100000| Untracked 
| 214|0x0000000710200000, 0x0000000710200000, 0x0000000710300000|  0%| F|  |TAMS 0x0000000710200000, 0x0000000710200000| Untracked 
| 215|0x0000000710300000, 0x0000000710300000, 0x0000000710400000|  0%| F|  |TAMS 0x0000000710300000, 0x0000000710300000| Untracked 
| 216|0x0000000710400000, 0x0000000710400000, 0x0000000710500000|  0%| F|  |TAMS 0x0000000710400000, 0x0000000710400000| Untracked 
| 217|0x0000000710500000, 0x0000000710500000, 0x0000000710600000|  0%| F|  |TAMS 0x0000000710500000, 0x0000000710500000| Untracked 
| 218|0x0000000710600000, 0x0000000710600000, 0x0000000710700000|  0%| F|  |TAMS 0x0000000710600000, 0x0000000710600000| Untracked 
| 219|0x0000000710700000, 0x0000000710700000, 0x0000000710800000|  0%| F|  |TAMS 0x0000000710700000, 0x0000000710700000| Untracked 
| 220|0x0000000710800000, 0x0000000710800000, 0x0000000710900000|  0%| F|  |TAMS 0x0000000710800000, 0x0000000710800000| Untracked 
| 221|0x0000000710900000, 0x0000000710900000, 0x0000000710a00000|  0%| F|  |TAMS 0x0000000710900000, 0x0000000710900000| Untracked 
| 222|0x0000000710a00000, 0x0000000710a00000, 0x0000000710b00000|  0%| F|  |TAMS 0x0000000710a00000, 0x0000000710a00000| Untracked 
| 223|0x0000000710b00000, 0x0000000710b00000, 0x0000000710c00000|  0%| F|  |TAMS 0x0000000710b00000, 0x0000000710b00000| Untracked 
| 224|0x0000000710c00000, 0x0000000710c00000, 0x0000000710d00000|  0%| F|  |TAMS 0x0000000710c00000, 0x0000000710c00000| Untracked 
| 225|0x0000000710d00000, 0x0000000710d00000, 0x0000000710e00000|  0%| F|  |TAMS 0x0000000710d00000, 0x0000000710d00000| Untracked 
| 226|0x0000000710e00000, 0x0000000710e00000, 0x0000000710f00000|  0%| F|  |TAMS 0x0000000710e00000, 0x0000000710e00000| Untracked 
| 227|0x0000000710f00000, 0x0000000710f00000, 0x0000000711000000|  0%| F|  |TAMS 0x0000000710f00000, 0x0000000710f00000| Untracked 
| 228|0x0000000711000000, 0x0000000711000000, 0x0000000711100000|  0%| F|  |TAMS 0x0000000711000000, 0x0000000711000000| Untracked 
| 229|0x0000000711100000, 0x0000000711100000, 0x0000000711200000|  0%| F|  |TAMS 0x0000000711100000, 0x0000000711100000| Untracked 
| 230|0x0000000711200000, 0x0000000711200000, 0x0000000711300000|  0%| F|  |TAMS 0x0000000711200000, 0x0000000711200000| Untracked 
| 231|0x0000000711300000, 0x0000000711300000, 0x0000000711400000|  0%| F|  |TAMS 0x0000000711300000, 0x0000000711300000| Untracked 
| 232|0x0000000711400000, 0x0000000711400000, 0x0000000711500000|  0%| F|  |TAMS 0x0000000711400000, 0x0000000711400000| Untracked 
| 233|0x0000000711500000, 0x0000000711500000, 0x0000000711600000|  0%| F|  |TAMS 0x0000000711500000, 0x0000000711500000| Untracked 
| 234|0x0000000711600000, 0x0000000711600000, 0x0000000711700000|  0%| F|  |TAMS 0x0000000711600000, 0x0000000711600000| Untracked 
| 235|0x0000000711700000, 0x0000000711700000, 0x0000000711800000|  0%| F|  |TAMS 0x0000000711700000, 0x0000000711700000| Untracked 
| 236|0x0000000711800000, 0x0000000711800000, 0x0000000711900000|  0%| F|  |TAMS 0x0000000711800000, 0x0000000711800000| Untracked 
| 237|0x0000000711900000, 0x0000000711900000, 0x0000000711a00000|  0%| F|  |TAMS 0x0000000711900000, 0x0000000711900000| Untracked 
| 238|0x0000000711a00000, 0x0000000711a00000, 0x0000000711b00000|  0%| F|  |TAMS 0x0000000711a00000, 0x0000000711a00000| Untracked 
| 239|0x0000000711b00000, 0x0000000711b00000, 0x0000000711c00000|  0%| F|  |TAMS 0x0000000711b00000, 0x0000000711b00000| Untracked 
| 240|0x0000000711c00000, 0x0000000711c00000, 0x0000000711d00000|  0%| F|  |TAMS 0x0000000711c00000, 0x0000000711c00000| Untracked 
| 241|0x0000000711d00000, 0x0000000711d00000, 0x0000000711e00000|  0%| F|  |TAMS 0x0000000711d00000, 0x0000000711d00000| Untracked 
| 242|0x0000000711e00000, 0x0000000711e00000, 0x0000000711f00000|  0%| F|  |TAMS 0x0000000711e00000, 0x0000000711e00000| Untracked 
| 243|0x0000000711f00000, 0x0000000711f00000, 0x0000000712000000|  0%| F|  |TAMS 0x0000000711f00000, 0x0000000711f00000| Untracked 
| 244|0x0000000712000000, 0x0000000712000000, 0x0000000712100000|  0%| F|  |TAMS 0x0000000712000000, 0x0000000712000000| Untracked 
| 245|0x0000000712100000, 0x0000000712100000, 0x0000000712200000|  0%| F|  |TAMS 0x0000000712100000, 0x0000000712100000| Untracked 
| 246|0x0000000712200000, 0x0000000712200000, 0x0000000712300000|  0%| F|  |TAMS 0x0000000712200000, 0x0000000712200000| Untracked 
| 247|0x0000000712300000, 0x0000000712300000, 0x0000000712400000|  0%| F|  |TAMS 0x0000000712300000, 0x0000000712300000| Untracked 
| 248|0x0000000712400000, 0x0000000712400000, 0x0000000712500000|  0%| F|  |TAMS 0x0000000712400000, 0x0000000712400000| Untracked 
| 249|0x0000000712500000, 0x0000000712500000, 0x0000000712600000|  0%| F|  |TAMS 0x0000000712500000, 0x0000000712500000| Untracked 
| 250|0x0000000712600000, 0x0000000712600000, 0x0000000712700000|  0%| F|  |TAMS 0x0000000712600000, 0x0000000712600000| Untracked 
| 251|0x0000000712700000, 0x0000000712700000, 0x0000000712800000|  0%| F|  |TAMS 0x0000000712700000, 0x0000000712700000| Untracked 
| 252|0x0000000712800000, 0x0000000712800000, 0x0000000712900000|  0%| F|  |TAMS 0x0000000712800000, 0x0000000712800000| Untracked 
| 253|0x0000000712900000, 0x0000000712900000, 0x0000000712a00000|  0%| F|  |TAMS 0x0000000712900000, 0x0000000712900000| Untracked 

Card table byte_map: [0x0000028e4f3e0000,0x0000028e4fbd0000] _byte_map_base: 0x0000028e4bbca000

Marking Bits (Prev, Next): (CMBitMap*) 0x0000028e3751dbe0, (CMBitMap*) 0x0000028e3751dba8
 Prev Bits: [0x0000028e54310000, 0x0000028e58260000)
 Next Bits: [0x0000028e503c0000, 0x0000028e54310000)

Polling page: 0x0000028e35370000

Metaspace:

Usage:
  Non-class:     24.74 MB capacity,    24.20 MB ( 98%) used,   449.97 KB (  2%) free+waste,   105.94 KB ( <1%) overhead. 
      Class:      3.74 MB capacity,     3.36 MB ( 90%) used,   338.63 KB (  9%) free+waste,    53.75 KB (  1%) overhead. 
       Both:     28.48 MB capacity,    27.55 MB ( 97%) used,   788.59 KB (  3%) free+waste,   159.69 KB ( <1%) overhead. 

Virtual space:
  Non-class space:       36.00 MB reserved,      24.75 MB ( 69%) committed 
      Class space:        1.00 GB reserved,       3.75 MB ( <1%) committed 
             Both:        1.04 GB reserved,      28.50 MB (  3%) committed 

Chunk freelists:
   Non-Class:  1.50 KB
       Class:  1.50 KB
        Both:  3.00 KB

CodeHeap 'non-profiled nmethods': size=238336Kb used=4609Kb max_used=4609Kb free=233726Kb
 bounds [0x0000028e3fff0000, 0x0000028e40480000, 0x0000028e4e8b0000]
CodeHeap 'non-nmethods': size=7424Kb used=1165Kb max_used=1165Kb free=6258Kb
 bounds [0x0000028e3f8b0000, 0x0000028e3fb20000, 0x0000028e3fff0000]
 total_blobs=3432 nmethods=2929 adapters=412
 compilation: enabled
              stopped_count=0, restarted_count=0
 full_count=0

Compilation events (10 events):
Event: 3.486 Thread 0x0000028e5b733000 2925       1       java.util.Dictionary::<init> (5 bytes)
Event: 3.487 Thread 0x0000028e5b733000 nmethod 2925 0x0000028e4046eb90 code [0x0000028e4046ed20, 0x0000028e4046ee38]
Event: 3.489 Thread 0x0000028e5b733000 2926       1       java.lang.invoke.BoundMethodHandle::bindArgumentL (11 bytes)
Event: 3.489 Thread 0x0000028e5b733000 nmethod 2926 0x0000028e4046ee90 code [0x0000028e4046f040, 0x0000028e4046f2a0]
Event: 3.489 Thread 0x0000028e5b733000 2927       1       java.lang.invoke.LambdaFormEditor::bindArgumentL (59 bytes)
Event: 3.489 Thread 0x0000028e5b733000 nmethod 2927 0x0000028e4046f410 code [0x0000028e4046f5e0, 0x0000028e4046f7b0]
Event: 3.491 Thread 0x0000028e5b733000 2928       1       java.util.jar.JarFile::match (132 bytes)
Event: 3.491 Thread 0x0000028e5b733000 nmethod 2928 0x0000028e4046f890 code [0x0000028e4046fa40, 0x0000028e4046fcb8]
Event: 3.496 Thread 0x0000028e5b733000 2929       1       java.lang.System::checkKey (34 bytes)
Event: 3.496 Thread 0x0000028e5b733000 nmethod 2929 0x0000028e4046ff10 code [0x0000028e404700e0, 0x0000028e40470390]

GC Heap History (8 events):
Event: 1.621 GC heap before
{Heap before GC invocations=0 (full 0):
 garbage-first heap   total 260096K, used 23552K [0x0000000702c00000, 0x0000000800000000)
  region size 1024K, 24 young (24576K), 0 survivors (0K)
 Metaspace       used 14567K, capacity 14900K, committed 15104K, reserved 1062912K
  class space    used 1537K, capacity 1672K, committed 1792K, reserved 1048576K
}
Event: 1.627 GC heap after
{Heap after GC invocations=1 (full 0):
 garbage-first heap   total 260096K, used 5023K [0x0000000702c00000, 0x0000000800000000)
  region size 1024K, 3 young (3072K), 3 survivors (3072K)
 Metaspace       used 14567K, capacity 14900K, committed 15104K, reserved 1062912K
  class space    used 1537K, capacity 1672K, committed 1792K, reserved 1048576K
}
Event: 1.974 GC heap before
{Heap before GC invocations=1 (full 0):
 garbage-first heap   total 260096K, used 23455K [0x0000000702c00000, 0x0000000800000000)
  region size 1024K, 21 young (21504K), 3 survivors (3072K)
 Metaspace       used 17432K, capacity 17878K, committed 18048K, reserved 1064960K
  class space    used 1926K, capacity 2142K, committed 2176K, reserved 1048576K
}
Event: 1.979 GC heap after
{Heap after GC invocations=2 (full 0):
 garbage-first heap   total 260096K, used 6140K [0x0000000702c00000, 0x0000000800000000)
  region size 1024K, 2 young (2048K), 2 survivors (2048K)
 Metaspace       used 17432K, capacity 17878K, committed 18048K, reserved 1064960K
  class space    used 1926K, capacity 2142K, committed 2176K, reserved 1048576K
}
Event: 2.270 GC heap before
{Heap before GC invocations=2 (full 0):
 garbage-first heap   total 260096K, used 23548K [0x0000000702c00000, 0x0000000800000000)
  region size 1024K, 20 young (20480K), 2 survivors (2048K)
 Metaspace       used 20393K, capacity 21074K, committed 21248K, reserved 1067008K
  class space    used 2392K, capacity 2697K, committed 2816K, reserved 1048576K
}
Event: 2.274 GC heap after
{Heap after GC invocations=3 (full 0):
 garbage-first heap   total 260096K, used 7057K [0x0000000702c00000, 0x0000000800000000)
  region size 1024K, 2 young (2048K), 2 survivors (2048K)
 Metaspace       used 20393K, capacity 21074K, committed 21248K, reserved 1067008K
  class space    used 2392K, capacity 2697K, committed 2816K, reserved 1048576K
}
Event: 3.529 GC heap before
{Heap before GC invocations=4 (full 0):
 garbage-first heap   total 260096K, used 77713K [0x0000000702c00000, 0x0000000800000000)
  region size 1024K, 73 young (74752K), 2 survivors (2048K)
 Metaspace       used 28211K, capacity 29160K, committed 29184K, reserved 1083392K
  class space    used 3435K, capacity 3828K, committed 3840K, reserved 1048576K
}
Event: 3.536 GC heap after
{Heap after GC invocations=5 (full 0):
 garbage-first heap   total 260096K, used 9875K [0x0000000702c00000, 0x0000000800000000)
  region size 1024K, 5 young (5120K), 5 survivors (5120K)
 Metaspace       used 28211K, capacity 29160K, committed 29184K, reserved 1083392K
  class space    used 3435K, capacity 3828K, committed 3840K, reserved 1048576K
}

Deoptimization events (0 events):
No events

Classes redefined (0 events):
No events

Internal exceptions (10 events):
Event: 3.449 Thread 0x0000028e5bd73000 Exception <a 'java/lang/ClassNotFoundException'{0x000000070e4562b0}: org/springframework/beans/factory/config/SmartInstantiationAwareBeanPostProcessorCustomizer> (0x000000070e4562b0) thrown at [./open/src/hotspot/share/classfile/systemDictionary.cpp, line
Event: 3.450 Thread 0x0000028e5bd73000 Exception <a 'java/lang/ClassNotFoundException'{0x000000070e468c48}: org/springframework/beans/factory/config/InstantiationAwareBeanPostProcessorCustomizer> (0x000000070e468c48) thrown at [./open/src/hotspot/share/classfile/systemDictionary.cpp, line 228]
Event: 3.451 Thread 0x0000028e5bd73000 Exception <a 'java/lang/ClassNotFoundException'{0x000000070e479a50}: org/springframework/beans/factory/config/BeanPostProcessorCustomizer> (0x000000070e479a50) thrown at [./open/src/hotspot/share/classfile/systemDictionary.cpp, line 228]
Event: 3.452 Thread 0x0000028e5bd73000 Exception <a 'java/lang/ClassNotFoundException'{0x000000070e487c80}: org/springframework/beans/factory/BeanFactoryAwareCustomizer> (0x000000070e487c80) thrown at [./open/src/hotspot/share/classfile/systemDictionary.cpp, line 228]
Event: 3.453 Thread 0x0000028e5bd73000 Exception <a 'java/lang/ClassNotFoundException'{0x000000070e494d60}: org/springframework/beans/factory/AwareCustomizer> (0x000000070e494d60) thrown at [./open/src/hotspot/share/classfile/systemDictionary.cpp, line 228]
Event: 3.454 Thread 0x0000028e5bd73000 Exception <a 'java/lang/ClassNotFoundException'{0x000000070e49fe60}: org/springframework/core/OrderedCustomizer> (0x000000070e49fe60) thrown at [./open/src/hotspot/share/classfile/systemDictionary.cpp, line 228]
Event: 3.455 Thread 0x0000028e5bd73000 Exception <a 'java/lang/ClassNotFoundException'{0x000000070e4ad6f8}: org/springframework/beans/factory/BeanClassLoaderAwareCustomizer> (0x000000070e4ad6f8) thrown at [./open/src/hotspot/share/classfile/systemDictionary.cpp, line 228]
Event: 3.456 Thread 0x0000028e5bd73000 Exception <a 'java/lang/ClassNotFoundException'{0x000000070e4b9e70}: org/springframework/beans/factory/AwareCustomizer> (0x000000070e4b9e70) thrown at [./open/src/hotspot/share/classfile/systemDictionary.cpp, line 228]
Event: 3.456 Thread 0x0000028e5bd73000 Exception <a 'java/lang/ClassNotFoundException'{0x000000070e4c6bf8}: org/springframework/aop/framework/AopInfrastructureBeanCustomizer> (0x000000070e4c6bf8) thrown at [./open/src/hotspot/share/classfile/systemDictionary.cpp, line 228]
Event: 3.517 Thread 0x0000028e5bd73000 Exception <a 'java/lang/NoSuchMethodError'{0x000000070e2aa898}: java.lang.invoke.DirectMethodHandle$Holder.invokeSpecial(Ljava/lang/Object;Ljava/lang/Object;Ljava/lang/Object;Ljava/lang/Object;Ljava/lang/Object;)I> (0x000000070e2aa898) thrown at [./open/s

Events (10 events):
Event: 3.522 loading class org/apache/catalina/Lifecycle done
Event: 3.523 loading class org/springframework/boot/web/embedded/tomcat/TomcatEmbeddedContext
Event: 3.523 loading class org/springframework/boot/web/embedded/tomcat/TomcatEmbeddedContext done
Event: 3.524 loading class org/apache/catalina/core/StandardContext
Event: 3.524 loading class org/apache/catalina/core/StandardContext done
Event: 3.527 loading class org/apache/catalina/Context
Event: 3.527 loading class org/apache/catalina/Context done
Event: 3.528 loading class org/apache/tomcat/ContextBind
Event: 3.528 loading class org/apache/tomcat/ContextBind done
Event: 3.529 Executing VM operation: CollectForMetadataAllocation


Dynamic libraries:
0x00007ff6f2360000 - 0x00007ff6f23a7000 	C:\Program Files\Java\jdk-11.0.7\bin\java.exe
0x00007ffd8bbc0000 - 0x00007ffd8bdb0000 	C:\WINDOWS\SYSTEM32\ntdll.dll
0x00007ffd67950000 - 0x00007ffd67966000 	C:\Program Files\AVAST Software\Avast\aswhook.dll
0x00007ffd8af30000 - 0x00007ffd8afe3000 	C:\WINDOWS\System32\KERNEL32.DLL
0x00007ffd88b60000 - 0x00007ffd88e05000 	C:\WINDOWS\System32\KERNELBASE.dll
0x00007ffd89da0000 - 0x00007ffd89e43000 	C:\WINDOWS\System32\ADVAPI32.dll
0x00007ffd8b020000 - 0x00007ffd8b0be000 	C:\WINDOWS\System32\msvcrt.dll
0x00007ffd8b230000 - 0x00007ffd8b2c7000 	C:\WINDOWS\System32\sechost.dll
0x00007ffd8a6b0000 - 0x00007ffd8a7cf000 	C:\WINDOWS\System32\RPCRT4.dll
0x00007ffd8a010000 - 0x00007ffd8a1a4000 	C:\WINDOWS\System32\USER32.dll
0x00007ffd89a20000 - 0x00007ffd89a41000 	C:\WINDOWS\System32\win32u.dll
0x00007ffd8aff0000 - 0x00007ffd8b016000 	C:\WINDOWS\System32\GDI32.dll
0x00007ffd88fb0000 - 0x00007ffd89148000 	C:\WINDOWS\System32\gdi32full.dll
0x00007ffd88f10000 - 0x00007ffd88fae000 	C:\WINDOWS\System32\msvcp_win.dll
0x00007ffd88e10000 - 0x00007ffd88f0a000 	C:\WINDOWS\System32\ucrtbase.dll
0x00007ffd764b0000 - 0x00007ffd76734000 	C:\WINDOWS\WinSxS\amd64_microsoft.windows.common-controls_6595b64144ccf1df_6.0.18362.1977_none_9e80206be45c8f68\COMCTL32.dll
0x00007ffd832e0000 - 0x00007ffd832ea000 	C:\WINDOWS\SYSTEM32\VERSION.dll
0x00007ffd8a1b0000 - 0x00007ffd8a4e6000 	C:\WINDOWS\System32\combase.dll
0x00007ffd89aa0000 - 0x00007ffd89b24000 	C:\WINDOWS\System32\bcryptPrimitives.dll
0x00007ffd89fe0000 - 0x00007ffd8a00e000 	C:\WINDOWS\System32\IMM32.DLL
0x00007ffd85020000 - 0x00007ffd85036000 	C:\Program Files\Java\jdk-11.0.7\bin\vcruntime140.dll
0x00007ffd6fb00000 - 0x00007ffd6fbaa000 	C:\Program Files\Java\jdk-11.0.7\bin\msvcp140.dll
0x00007ffd47fc0000 - 0x00007ffd48b21000 	C:\Program Files\Java\jdk-11.0.7\bin\server\jvm.dll
0x00007ffd8b220000 - 0x00007ffd8b228000 	C:\WINDOWS\System32\PSAPI.DLL
0x00007ffd87500000 - 0x00007ffd87509000 	C:\WINDOWS\SYSTEM32\WSOCK32.dll
0x00007ffd84600000 - 0x00007ffd84624000 	C:\WINDOWS\SYSTEM32\WINMM.dll
0x00007ffd8aec0000 - 0x00007ffd8af2f000 	C:\WINDOWS\System32\WS2_32.dll
0x00007ffd845d0000 - 0x00007ffd845fd000 	C:\WINDOWS\SYSTEM32\winmmbase.dll
0x00007ffd89a50000 - 0x00007ffd89a9a000 	C:\WINDOWS\System32\cfgmgr32.dll
0x00007ffd88a80000 - 0x00007ffd88a91000 	C:\WINDOWS\System32\kernel.appcore.dll
0x00007ffd83730000 - 0x00007ffd83741000 	C:\Program Files\Java\jdk-11.0.7\bin\verify.dll
0x00007ffd872e0000 - 0x00007ffd874d4000 	C:\WINDOWS\SYSTEM32\DBGHELP.DLL
0x00007ffd80300000 - 0x00007ffd8032a000 	C:\WINDOWS\SYSTEM32\dbgcore.DLL
0x00007ffd80620000 - 0x00007ffd80649000 	C:\Program Files\Java\jdk-11.0.7\bin\java.dll
0x00007ffd84fd0000 - 0x00007ffd84fda000 	C:\Program Files\Java\jdk-11.0.7\bin\jimage.dll
0x00007ffd78ad0000 - 0x00007ffd78b00000 	C:\Program Files\Java\jdk-11.0.7\bin\instrument.dll
0x00007ffd82d90000 - 0x00007ffd82da6000 	C:\Program Files\Java\jdk-11.0.7\bin\zip.dll
0x00007ffd8b2d0000 - 0x00007ffd8b9b7000 	C:\WINDOWS\System32\SHELL32.dll
0x00007ffd8b0c0000 - 0x00007ffd8b169000 	C:\WINDOWS\System32\shcore.dll
0x00007ffd892a0000 - 0x00007ffd89a1b000 	C:\WINDOWS\System32\windows.storage.dll
0x00007ffd88aa0000 - 0x00007ffd88abe000 	C:\WINDOWS\System32\profapi.dll
0x00007ffd88ac0000 - 0x00007ffd88b0a000 	C:\WINDOWS\System32\powrprof.dll
0x00007ffd88a70000 - 0x00007ffd88a80000 	C:\WINDOWS\System32\UMPDC.dll
0x00007ffd8acb0000 - 0x00007ffd8ad02000 	C:\WINDOWS\System32\shlwapi.dll
0x00007ffd89c40000 - 0x00007ffd89c57000 	C:\WINDOWS\System32\cryptsp.dll
0x00007ffd80600000 - 0x00007ffd80619000 	C:\Program Files\Java\jdk-11.0.7\bin\net.dll
0x00007ffd82600000 - 0x00007ffd826f9000 	C:\WINDOWS\SYSTEM32\WINHTTP.dll
0x00007ffd88260000 - 0x00007ffd882c7000 	C:\WINDOWS\system32\mswsock.dll
0x00007ffd78b30000 - 0x00007ffd78b43000 	C:\Program Files\Java\jdk-11.0.7\bin\nio.dll
0x00007ffd70220000 - 0x00007ffd7023a000 	C:\Program Files\JetBrains\IntelliJ IDEA 2019.3.4\bin\breakgen64.dll
0x00007ffd87fc0000 - 0x00007ffd8808a000 	C:\WINDOWS\SYSTEM32\DNSAPI.dll
0x00007ffd8a6a0000 - 0x00007ffd8a6a8000 	C:\WINDOWS\System32\NSI.dll
0x00007ffd87f80000 - 0x00007ffd87fba000 	C:\WINDOWS\SYSTEM32\IPHLPAPI.DLL
0x00007ffd78150000 - 0x00007ffd7815a000 	C:\Windows\System32\rasadhlp.dll
0x00007ffd7bf80000 - 0x00007ffd7bff7000 	C:\WINDOWS\System32\fwpuclnt.dll
0x00007ffd88b30000 - 0x00007ffd88b56000 	C:\WINDOWS\System32\bcrypt.dll
0x00007ffd84750000 - 0x00007ffd84759000 	C:\Program Files\Java\jdk-11.0.7\bin\management.dll
0x00007ffd83720000 - 0x00007ffd8372c000 	C:\Program Files\Java\jdk-11.0.7\bin\management_ext.dll
0x00007ffd87df0000 - 0x00007ffd87e23000 	C:\WINDOWS\system32\rsaenh.dll
0x00007ffd88990000 - 0x00007ffd889b5000 	C:\WINDOWS\SYSTEM32\USERENV.dll
0x00007ffd883e0000 - 0x00007ffd883ec000 	C:\WINDOWS\SYSTEM32\CRYPTBASE.dll
0x00007ffd7c380000 - 0x00007ffd7c396000 	C:\WINDOWS\SYSTEM32\dhcpcsvc6.DLL
0x00007ffd7c360000 - 0x00007ffd7c37c000 	C:\WINDOWS\SYSTEM32\dhcpcsvc.DLL
0x00007ffd6c460000 - 0x00007ffd6c476000 	C:\WINDOWS\system32\napinsp.dll
0x00007ffd6c360000 - 0x00007ffd6c37a000 	C:\WINDOWS\system32\pnrpnsp.dll
0x00007ffd6bf70000 - 0x00007ffd6bf7e000 	C:\WINDOWS\System32\winrnr.dll
0x00007ffd84d90000 - 0x00007ffd84dac000 	C:\WINDOWS\system32\NLAapi.dll
0x00007ffd839e0000 - 0x00007ffd839f5000 	C:\WINDOWS\system32\wshbth.dll

dbghelp: loaded successfully - version: 4.0.5 - missing functions: none
symbol engine: initialized successfully - sym options: 0x614 - pdb path: .;C:\Program Files\Java\jdk-11.0.7\bin;C:\WINDOWS\SYSTEM32;C:\Program Files\AVAST Software\Avast;C:\WINDOWS\WinSxS\amd64_microsoft.windows.common-controls_6595b64144ccf1df_6.0.18362.1977_none_9e80206be45c8f68;C:\Program Files\Java\jdk-11.0.7\bin\server;C:\Program Files\JetBrains\IntelliJ IDEA 2019.3.4\bin

VM Arguments:
jvm_args: -XX:TieredStopAtLevel=1 -Xverify:none -Dspring.output.ansi.enabled=always -Dcom.sun.management.jmxremote -Dspring.jmx.enabled=true -Dspring.liveBeansView.mbeanDomain -Dspring.application.admin.enabled=true -javaagent:C:\Program Files\JetBrains\IntelliJ IDEA 2019.3.4\lib\idea_rt.jar=14715:C:\Program Files\JetBrains\IntelliJ IDEA 2019.3.4\bin -Dfile.encoding=UTF-8 
java_command: com.janterertube.videos.JanterertubeApplication
java_class_path (initial): C:\Users\elorh\OneDrive\Documents\intellij-workspace\youtube-clone\VideoTubeAngular\backend\janterertube\target\classes;C:\Users\elorh\.m2\repository\org\springframework\boot\spring-boot-starter-web\2.6.2\spring-boot-starter-web-2.6.2.jar;C:\Users\elorh\.m2\repository\org\springframework\boot\spring-boot-starter\2.6.2\spring-boot-starter-2.6.2.jar;C:\Users\elorh\.m2\repository\org\springframework\boot\spring-boot-starter-logging\2.6.2\spring-boot-starter-logging-2.6.2.jar;C:\Users\elorh\.m2\repository\ch\qos\logback\logback-classic\1.2.9\logback-classic-1.2.9.jar;C:\Users\elorh\.m2\repository\ch\qos\logback\logback-core\1.2.9\logback-core-1.2.9.jar;C:\Users\elorh\.m2\repository\org\apache\logging\log4j\log4j-to-slf4j\2.17.0\log4j-to-slf4j-2.17.0.jar;C:\Users\elorh\.m2\repository\org\apache\logging\log4j\log4j-api\2.17.0\log4j-api-2.17.0.jar;C:\Users\elorh\.m2\repository\org\slf4j\jul-to-slf4j\1.7.32\jul-to-slf4j-1.7.32.jar;C:\Users\elorh\.m2\repository\jakarta\annotation\jakarta.annotation-api\1.3.5\jakarta.annotation-api-1.3.5.jar;C:\Users\elorh\.m2\repository\org\yaml\snakeyaml\1.29\snakeyaml-1.29.jar;C:\Users\elorh\.m2\repository\org\springframework\boot\spring-boot-starter-json\2.6.2\spring-boot-starter-json-2.6.2.jar;C:\Users\elorh\.m2\repository\com\fasterxml\jackson\core\jackson-databind\2.13.1\jackson-databind-2.13.1.jar;C:\Users\elorh\.m2\repository\com\fasterxml\jackson\core\jackson-annotations\2.13.1\jackson-annotations-2.13.1.jar;C:\Users\elorh\.m2\repository\com\fasterxml\jackson\core\jackson-core\2.13.1\jackson-core-2.13.1.jar;C:\Users\elorh\.m2\repository\com\fasterxml\jackson\datatype\jackson-datatype-jdk8\2.13.1\jackson-datatype-jdk8-2.13.1.jar;C:\Users\elorh\.m2\repository\com\fasterxml\jackson\datatype\jackson-datatype-jsr310\2.13.1\jackson-datatype-jsr310-2.13.1.jar;C:\Users\elorh\.m2\repository\com\fasterxml\jackson\module\jackson-module-parameter-names\2.13.1\jackson-module-parameter-names-2.13.1.jar;C:\Users\elorh\
Launcher Type: SUN_STANDARD

[Global flags]
     bool BytecodeVerificationLocal                = false                                     {product} {command line}
     bool BytecodeVerificationRemote               = false                                     {product} {command line}
     intx CICompilerCount                          = 4                                         {product} {ergonomic}
     uint ConcGCThreads                            = 2                                         {product} {ergonomic}
     uint G1ConcRefinementThreads                  = 8                                         {product} {ergonomic}
   size_t G1HeapRegionSize                         = 1048576                                   {product} {ergonomic}
    uintx GCDrainStackTargetSize                   = 64                                        {product} {ergonomic}
   size_t InitialHeapSize                          = 266338304                                 {product} {ergonomic}
     bool ManagementServer                         = true                                      {product} {command line}
   size_t MarkStackSize                            = 4194304                                   {product} {ergonomic}
   size_t MaxHeapSize                              = 4248829952                                {product} {ergonomic}
   size_t MaxNewSize                               = 2549088256                                {product} {ergonomic}
   size_t MinHeapDeltaBytes                        = 1048576                                   {product} {ergonomic}
    uintx NonNMethodCodeHeapSize                   = 7549744                                {pd product} {ergonomic}
    uintx NonProfiledCodeHeapSize                  = 244108496                              {pd product} {ergonomic}
    uintx ProfiledCodeHeapSize                     = 0                                      {pd product} {ergonomic}
    uintx ReservedCodeCacheSize                    = 251658240                              {pd product} {ergonomic}
     bool SegmentedCodeCache                       = true                                      {product} {ergonomic}
     intx TieredStopAtLevel                        = 1                                         {product} {command line}
     bool UseCompressedClassPointers               = true                                 {lp64_product} {ergonomic}
     bool UseCompressedOops                        = true                                 {lp64_product} {ergonomic}
     bool UseG1GC                                  = true                                      {product} {ergonomic}
     bool UseLargePagesIndividualAllocation        = false                                  {pd product} {ergonomic}

Logging:
Log output configuration:
 #0: stdout all=warning uptime,level,tags
 #1: stderr all=off uptime,level,tags

Environment Variables:
JAVA_HOME=C:\Program Files\Java\jdk-11.0.7
PATH=C:\Program Files\Docker\Docker\Resources\bin;C:\oraclexe\app\oracle\product\11.2.0\server\bin;C:\Program Files (x86)\Intel\iCLS Client\;C:\Program Files\Intel\iCLS Client\;C:\windows\system32;C:\windows;C:\windows\System32\Wbem;C:\windows\System32\WindowsPowerShell\v1.0\;C:\Program Files (x86)\NVIDIA Corporation\PhysX\Common;C:\Users\elorh\Documents\apache-maven-3.5.2\bin;C:\Program Files (x86)\Intel\Intel(R) Management Engine Components\DAL;C:\Program Files\Intel\Intel(R) Management Engine Components\DAL;C:\Program Files (x86)\Intel\Intel(R) Management Engine Components\IPT;C:\Program Files\Intel\Intel(R) Management Engine Components\IPT;C:\Program Files\JetBrains\IntelliJ IDEA 2017.2.2\bin;C:\WINDOWS\system32;C:\WINDOWS;C:\WINDOWS\System32\Wbem;C:\WINDOWS\System32\WindowsPowerShell\v1.0\;C:\Program Files\Git\cmd;C:\WINDOWS\System32\OpenSSH\;C:\Program Files\Java\jdk-11.0.7\bin;C:\Development\apache-cassandra-3.11.3\bin;C:\Python27;C:\Program Files (x86)\Yarn\bin\;C:\Program Files\nodejs\;C:\Program Files\Java\jdk-11.0.7\bin;C:\Users\elorh\AppData\Local\Programs\Python\Python37\Scripts\;C:\Users\elorh\AppData\Local\Programs\Python\Python37\;C:\Users\elorh\AppData\Local\Microsoft\WindowsApps;C:\Program Files\Docker Toolbox;C:\Program Files\JetBrains\IntelliJ IDEA 2019.3.4\bin;;C:\Users\elorh\AppData\Local\Yarn\bin;C:\Program Files\JetBrains\PyCharm 2019.2.3\bin;;C:\Users\elorh\AppData\Roaming\npm;
USERNAME=elorh
OS=Windows_NT
PROCESSOR_IDENTIFIER=Intel64 Family 6 Model 94 Stepping 3, GenuineIntel



---------------  S Y S T E M  ---------------

OS: Windows 10 , 64 bit Build 18362 (10.0.18362.1916)

CPU:total 8 (initial active 8) (4 cores per cpu, 2 threads per core) family 6 model 94 stepping 3, cmov, cx8, fxsr, mmx, sse, sse2, sse3, ssse3, sse4.1, sse4.2, popcnt, avx, avx2, aes, clmul, erms, rtm, 3dnowpref, lzcnt, ht, tsc, tscinvbit, bmi1, bmi2, adx, fma

Memory: 4k page, system-wide physical 16201M (3479M free)
TotalPageFile size 20201M (AvailPageFile size 5M)
current process WorkingSet (physical memory assigned to process): 162M, peak: 162M
current process commit charge ("private bytes"): 376M, peak: 376M

vm_info: Java HotSpot(TM) 64-Bit Server VM (11.0.7+8-LTS) for windows-amd64 JRE (11.0.7+8-LTS), built on Mar 12 2020 02:04:32 by "mach5one" with MS VC++ 15.5 (VS2017)

END.
