#
# There is insufficient memory for the Java Runtime Environment to continue.
# Native memory allocation (mmap) failed to map 266338304 bytes for Failed to commit area from 0x0000000702c00000 to 0x0000000712a00000 of length 266338304.
# Possible reasons:
#   The system is out of physical RAM or swap space
#   The process is running with CompressedOops enabled, and the Java Heap may be blocking the growth of the native heap
# Possible solutions:
#   Reduce memory load on the system
#   Increase physical memory or swap space
#   Check if swap backing store is full
#   Decrease Java heap size (-Xmx/-Xms)
#   Decrease number of Java threads
#   Decrease Java thread stack sizes (-Xss)
#   Set larger code cache with -XX:ReservedCodeCacheSize=
# This output file may be truncated or incomplete.
#
#  Out of Memory Error (./open/src/hotspot/os/windows/os_windows.cpp:3271), pid=11008, tid=26492
#
# JRE version:  (11.0.7+8) (build )
# Java VM: Java HotSpot(TM) 64-Bit Server VM (11.0.7+8-LTS, mixed mode, sharing, tiered, compressed oops, g1 gc, windows-amd64)
# No core dump will be written. Minidumps are not enabled by default on client versions of Windows
#

---------------  S U M M A R Y ------------

Command Line: -XX:TieredStopAtLevel=1 -Xverify:none -Dspring.output.ansi.enabled=always -Dcom.sun.management.jmxremote -Dspring.jmx.enabled=true -Dspring.liveBeansView.mbeanDomain -Dspring.application.admin.enabled=true -javaagent:C:\Program Files\JetBrains\IntelliJ IDEA 2019.3.4\lib\idea_rt.jar=3222:C:\Program Files\JetBrains\IntelliJ IDEA 2019.3.4\bin -Dfile.encoding=UTF-8 com.janterertube.videos.JanterertubeApplication

Host: Intel(R) Core(TM) i7-6700HQ CPU @ 2.60GHz, 8 cores, 15G,  Windows 10 , 64 bit Build 18362 (10.0.18362.1916)
Time: Fri Dec 24 10:25:13 2021 Eastern Standard Time elapsed time: 0 seconds (0d 0h 0m 0s)

---------------  T H R E A D  ---------------

Current thread (0x000002c17915a000):  JavaThread "Unknown thread" [_thread_in_vm, id=26492, stack(0x000000d160300000,0x000000d160400000)]

Stack: [0x000000d160300000,0x000000d160400000]
Native frames: (J=compiled Java code, j=interpreted, Vv=VM code, C=native code)
V  [jvm.dll+0x661a7a]
V  [jvm.dll+0x7a1b2f]
V  [jvm.dll+0x7a31d5]
V  [jvm.dll+0x7a3843]
V  [jvm.dll+0x25f1a8]
V  [jvm.dll+0x65ee8a]
V  [jvm.dll+0x653865]
V  [jvm.dll+0x316adc]
V  [jvm.dll+0x316962]
V  [jvm.dll+0x31c1d6]
V  [jvm.dll+0x3688af]
V  [jvm.dll+0x3682d0]
V  [jvm.dll+0x2f3888]
V  [jvm.dll+0x2f49e6]
V  [jvm.dll+0x77ac57]
V  [jvm.dll+0x77c52f]
V  [jvm.dll+0x3755a9]
V  [jvm.dll+0x75fe6e]
V  [jvm.dll+0x3e5b7d]
V  [jvm.dll+0x3e8091]
C  [java.exe+0x3607]
C  [java.exe+0x178dc]
C  [KERNEL32.DLL+0x17c24]
C  [ntdll.dll+0x6d721]


---------------  P R O C E S S  ---------------

Threads class SMR info:
_java_thread_list=0x000002c179035450, length=0, elements={
}

Java Threads: ( => current thread )

Other Threads:
  0x000002c179172800 GCTaskThread "GC Thread#0" [stack: 0x000000d160400000,0x000000d160500000] [id=26876]
  0x000002c1791d0000 ConcurrentGCThread "G1 Main Marker" [stack: 0x000000d160500000,0x000000d160600000] [id=6408]
  0x000002c1791d1800 ConcurrentGCThread "G1 Conc#0" [stack: 0x000000d160600000,0x000000d160700000] [id=23140]

[error occurred during error reporting (printing all threads), id 0xc0000005, EXCEPTION_ACCESS_VIOLATION (0xc0000005) at pc=0x00007ffd48412047]

VM state:not at safepoint (not fully initialized)

VM Mutex/Monitor currently owned by a thread:  ([mutex/lock_event])
[0x000002c179156960] Heap_lock - owner thread: 0x000002c17915a000

Heap address: 0x0000000702c00000, size: 4052 MB, Compressed Oops mode: Non-zero based: 0x0000000702c00000
Narrow klass base: 0x0000000000000000, Narrow klass shift: 0

GC Heap History (0 events):
No events

Deoptimization events (0 events):
No events

Classes redefined (0 events):
No events

Internal exceptions (0 events):
No events

Events (0 events):
No events


Dynamic libraries:
0x00007ff6f2360000 - 0x00007ff6f23a7000 	C:\Program Files\Java\jdk-11.0.7\bin\java.exe
0x00007ffd8bbc0000 - 0x00007ffd8bdb0000 	C:\WINDOWS\SYSTEM32\ntdll.dll
0x00007ffd67950000 - 0x00007ffd67966000 	C:\Program Files\AVAST Software\Avast\aswhook.dll
0x00007ffd8af30000 - 0x00007ffd8afe3000 	C:\WINDOWS\System32\KERNEL32.DLL
0x00007ffd88b60000 - 0x00007ffd88e05000 	C:\WINDOWS\System32\KERNELBASE.dll
0x00007ffd89da0000 - 0x00007ffd89e43000 	C:\WINDOWS\System32\ADVAPI32.dll
0x00007ffd8b020000 - 0x00007ffd8b0be000 	C:\WINDOWS\System32\msvcrt.dll
0x00007ffd8b230000 - 0x00007ffd8b2c7000 	C:\WINDOWS\System32\sechost.dll
0x00007ffd8a6b0000 - 0x00007ffd8a7cf000 	C:\WINDOWS\System32\RPCRT4.dll
0x00007ffd8a010000 - 0x00007ffd8a1a4000 	C:\WINDOWS\System32\USER32.dll
0x00007ffd89a20000 - 0x00007ffd89a41000 	C:\WINDOWS\System32\win32u.dll
0x00007ffd8aff0000 - 0x00007ffd8b016000 	C:\WINDOWS\System32\GDI32.dll
0x00007ffd88fb0000 - 0x00007ffd89148000 	C:\WINDOWS\System32\gdi32full.dll
0x00007ffd88f10000 - 0x00007ffd88fae000 	C:\WINDOWS\System32\msvcp_win.dll
0x00007ffd88e10000 - 0x00007ffd88f0a000 	C:\WINDOWS\System32\ucrtbase.dll
0x00007ffd764b0000 - 0x00007ffd76734000 	C:\WINDOWS\WinSxS\amd64_microsoft.windows.common-controls_6595b64144ccf1df_6.0.18362.1977_none_9e80206be45c8f68\COMCTL32.dll
0x00007ffd832e0000 - 0x00007ffd832ea000 	C:\WINDOWS\SYSTEM32\VERSION.dll
0x00007ffd8a1b0000 - 0x00007ffd8a4e6000 	C:\WINDOWS\System32\combase.dll
0x00007ffd89aa0000 - 0x00007ffd89b24000 	C:\WINDOWS\System32\bcryptPrimitives.dll
0x00007ffd89fe0000 - 0x00007ffd8a00e000 	C:\WINDOWS\System32\IMM32.DLL
0x00007ffd823d0000 - 0x00007ffd823e6000 	C:\Program Files\Java\jdk-11.0.7\bin\vcruntime140.dll
0x00007ffd5a0b0000 - 0x00007ffd5a15a000 	C:\Program Files\Java\jdk-11.0.7\bin\msvcp140.dll
0x00007ffd48110000 - 0x00007ffd48c71000 	C:\Program Files\Java\jdk-11.0.7\bin\server\jvm.dll
0x00007ffd8b220000 - 0x00007ffd8b228000 	C:\WINDOWS\System32\PSAPI.DLL
0x00007ffd87500000 - 0x00007ffd87509000 	C:\WINDOWS\SYSTEM32\WSOCK32.dll
0x00007ffd84600000 - 0x00007ffd84624000 	C:\WINDOWS\SYSTEM32\WINMM.dll
0x00007ffd8aec0000 - 0x00007ffd8af2f000 	C:\WINDOWS\System32\WS2_32.dll
0x00007ffd845d0000 - 0x00007ffd845fd000 	C:\WINDOWS\SYSTEM32\WINMMBASE.dll
0x00007ffd89a50000 - 0x00007ffd89a9a000 	C:\WINDOWS\System32\cfgmgr32.dll
0x00007ffd88a80000 - 0x00007ffd88a91000 	C:\WINDOWS\System32\kernel.appcore.dll
0x00007ffd823b0000 - 0x00007ffd823c1000 	C:\Program Files\Java\jdk-11.0.7\bin\verify.dll
0x00007ffd872e0000 - 0x00007ffd874d4000 	C:\WINDOWS\SYSTEM32\DBGHELP.DLL
0x00007ffd80300000 - 0x00007ffd8032a000 	C:\WINDOWS\SYSTEM32\dbgcore.DLL
0x00007ffd80680000 - 0x00007ffd806a9000 	C:\Program Files\Java\jdk-11.0.7\bin\java.dll
0x00007ffd84fd0000 - 0x00007ffd84fda000 	C:\Program Files\Java\jdk-11.0.7\bin\jimage.dll
0x00007ffd71000000 - 0x00007ffd71030000 	C:\Program Files\Java\jdk-11.0.7\bin\instrument.dll
0x00007ffd80560000 - 0x00007ffd80576000 	C:\Program Files\Java\jdk-11.0.7\bin\zip.dll

dbghelp: loaded successfully - version: 4.0.5 - missing functions: none
symbol engine: initialized successfully - sym options: 0x614 - pdb path: .;C:\Program Files\Java\jdk-11.0.7\bin;C:\WINDOWS\SYSTEM32;C:\Program Files\AVAST Software\Avast;C:\WINDOWS\WinSxS\amd64_microsoft.windows.common-controls_6595b64144ccf1df_6.0.18362.1977_none_9e80206be45c8f68;C:\Program Files\Java\jdk-11.0.7\bin\server

VM Arguments:
jvm_args: -XX:TieredStopAtLevel=1 -Xverify:none -Dspring.output.ansi.enabled=always -Dcom.sun.management.jmxremote -Dspring.jmx.enabled=true -Dspring.liveBeansView.mbeanDomain -Dspring.application.admin.enabled=true -javaagent:C:\Program Files\JetBrains\IntelliJ IDEA 2019.3.4\lib\idea_rt.jar=3222:C:\Program Files\JetBrains\IntelliJ IDEA 2019.3.4\bin -Dfile.encoding=UTF-8 
java_command: com.janterertube.videos.JanterertubeApplication
java_class_path (initial): C:\Users\elorh\OneDrive\Documents\intellij-workspace\youtube-clone\VideoTubeAngular\backend\janterertube\target\classes;C:\Users\elorh\.m2\repository\org\springframework\boot\spring-boot-starter-web\2.6.2\spring-boot-starter-web-2.6.2.jar;C:\Users\elorh\.m2\repository\org\springframework\boot\spring-boot-starter\2.6.2\spring-boot-starter-2.6.2.jar;C:\Users\elorh\.m2\repository\org\springframework\boot\spring-boot-starter-logging\2.6.2\spring-boot-starter-logging-2.6.2.jar;C:\Users\elorh\.m2\repository\ch\qos\logback\logback-classic\1.2.9\logback-classic-1.2.9.jar;C:\Users\elorh\.m2\repository\ch\qos\logback\logback-core\1.2.9\logback-core-1.2.9.jar;C:\Users\elorh\.m2\repository\org\apache\logging\log4j\log4j-to-slf4j\2.17.0\log4j-to-slf4j-2.17.0.jar;C:\Users\elorh\.m2\repository\org\apache\logging\log4j\log4j-api\2.17.0\log4j-api-2.17.0.jar;C:\Users\elorh\.m2\repository\org\slf4j\jul-to-slf4j\1.7.32\jul-to-slf4j-1.7.32.jar;C:\Users\elorh\.m2\repository\jakarta\annotation\jakarta.annotation-api\1.3.5\jakarta.annotation-api-1.3.5.jar;C:\Users\elorh\.m2\repository\org\yaml\snakeyaml\1.29\snakeyaml-1.29.jar;C:\Users\elorh\.m2\repository\org\springframework\boot\spring-boot-starter-json\2.6.2\spring-boot-starter-json-2.6.2.jar;C:\Users\elorh\.m2\repository\com\fasterxml\jackson\core\jackson-databind\2.13.1\jackson-databind-2.13.1.jar;C:\Users\elorh\.m2\repository\com\fasterxml\jackson\core\jackson-annotations\2.13.1\jackson-annotations-2.13.1.jar;C:\Users\elorh\.m2\repository\com\fasterxml\jackson\core\jackson-core\2.13.1\jackson-core-2.13.1.jar;C:\Users\elorh\.m2\repository\com\fasterxml\jackson\datatype\jackson-datatype-jdk8\2.13.1\jackson-datatype-jdk8-2.13.1.jar;C:\Users\elorh\.m2\repository\com\fasterxml\jackson\datatype\jackson-datatype-jsr310\2.13.1\jackson-datatype-jsr310-2.13.1.jar;C:\Users\elorh\.m2\repository\com\fasterxml\jackson\module\jackson-module-parameter-names\2.13.1\jackson-module-parameter-names-2.13.1.jar;C:\Users\elorh\
Launcher Type: SUN_STANDARD

[Global flags]
     bool BytecodeVerificationLocal                = false                                     {product} {command line}
     bool BytecodeVerificationRemote               = false                                     {product} {command line}
     intx CICompilerCount                          = 4                                         {product} {ergonomic}
     uint ConcGCThreads                            = 2                                         {product} {ergonomic}
     uint G1ConcRefinementThreads                  = 8                                         {product} {ergonomic}
   size_t G1HeapRegionSize                         = 1048576                                   {product} {ergonomic}
    uintx GCDrainStackTargetSize                   = 64                                        {product} {ergonomic}
   size_t InitialHeapSize                          = 266338304                                 {product} {ergonomic}
     bool ManagementServer                         = true                                      {product} {command line}
   size_t MarkStackSize                            = 4194304                                   {product} {ergonomic}
   size_t MaxHeapSize                              = 4248829952                                {product} {ergonomic}
   size_t MinHeapDeltaBytes                        = 1048576                                   {product} {ergonomic}
    uintx NonNMethodCodeHeapSize                   = 7549744                                {pd product} {ergonomic}
    uintx NonProfiledCodeHeapSize                  = 244108496                              {pd product} {ergonomic}
    uintx ProfiledCodeHeapSize                     = 0                                      {pd product} {ergonomic}
    uintx ReservedCodeCacheSize                    = 251658240                              {pd product} {ergonomic}
     bool SegmentedCodeCache                       = true                                      {product} {ergonomic}
     intx TieredStopAtLevel                        = 1                                         {product} {command line}
     bool UseCompressedClassPointers               = true                                 {lp64_product} {ergonomic}
     bool UseCompressedOops                        = true                                 {lp64_product} {ergonomic}
     bool UseG1GC                                  = true                                      {product} {ergonomic}
     bool UseLargePagesIndividualAllocation        = false                                  {pd product} {ergonomic}

Logging:
Log output configuration:
 #0: stdout all=warning uptime,level,tags
 #1: stderr all=off uptime,level,tags

Environment Variables:
JAVA_HOME=C:\Program Files\Java\jdk-11.0.7
PATH=C:\Program Files\Docker\Docker\Resources\bin;C:\oraclexe\app\oracle\product\11.2.0\server\bin;C:\Program Files (x86)\Intel\iCLS Client\;C:\Program Files\Intel\iCLS Client\;C:\windows\system32;C:\windows;C:\windows\System32\Wbem;C:\windows\System32\WindowsPowerShell\v1.0\;C:\Program Files (x86)\NVIDIA Corporation\PhysX\Common;C:\Users\elorh\Documents\apache-maven-3.5.2\bin;C:\Program Files (x86)\Intel\Intel(R) Management Engine Components\DAL;C:\Program Files\Intel\Intel(R) Management Engine Components\DAL;C:\Program Files (x86)\Intel\Intel(R) Management Engine Components\IPT;C:\Program Files\Intel\Intel(R) Management Engine Components\IPT;C:\Program Files\JetBrains\IntelliJ IDEA 2017.2.2\bin;C:\WINDOWS\system32;C:\WINDOWS;C:\WINDOWS\System32\Wbem;C:\WINDOWS\System32\WindowsPowerShell\v1.0\;C:\Program Files\Git\cmd;C:\WINDOWS\System32\OpenSSH\;C:\Program Files\Java\jdk-11.0.7\bin;C:\Development\apache-cassandra-3.11.3\bin;C:\Python27;C:\Program Files (x86)\Yarn\bin\;C:\Program Files\nodejs\;C:\Program Files\Java\jdk-11.0.7\bin;C:\Users\elorh\AppData\Local\Programs\Python\Python37\Scripts\;C:\Users\elorh\AppData\Local\Programs\Python\Python37\;C:\Users\elorh\AppData\Local\Microsoft\WindowsApps;C:\Program Files\Docker Toolbox;C:\Program Files\JetBrains\IntelliJ IDEA 2019.3.4\bin;;C:\Users\elorh\AppData\Local\Yarn\bin;C:\Program Files\JetBrains\PyCharm 2019.2.3\bin;;C:\Users\elorh\AppData\Roaming\npm;
USERNAME=elorh
OS=Windows_NT
PROCESSOR_IDENTIFIER=Intel64 Family 6 Model 94 Stepping 3, GenuineIntel



---------------  S Y S T E M  ---------------

OS: Windows 10 , 64 bit Build 18362 (10.0.18362.1916)

CPU:total 8 (initial active 8) (4 cores per cpu, 2 threads per core) family 6 model 94 stepping 3, cmov, cx8, fxsr, mmx, sse, sse2, sse3, ssse3, sse4.1, sse4.2, popcnt, avx, avx2, aes, clmul, erms, rtm, 3dnowpref, lzcnt, ht, tsc, tscinvbit, bmi1, bmi2, adx, fma

Memory: 4k page, system-wide physical 16201M (3750M free)
TotalPageFile size 20201M (AvailPageFile size 241M)
current process WorkingSet (physical memory assigned to process): 10M, peak: 10M
current process commit charge ("private bytes"): 58M, peak: 312M

vm_info: Java HotSpot(TM) 64-Bit Server VM (11.0.7+8-LTS) for windows-amd64 JRE (11.0.7+8-LTS), built on Mar 12 2020 02:04:32 by "mach5one" with MS VC++ 15.5 (VS2017)

END.
